C51 COMPILER V9.60.0.0   INITDEVICE                                                        10/25/2021 12:19:07 PAGE 1   


C51 COMPILER V9.60.0.0, COMPILATION OF MODULE INITDEVICE
OBJECT MODULE PLACED IN .\src\InitDevice.OBJ
COMPILER INVOKED BY: C:\SiliconLabs\SimplicityStudio\v5\developer\toolchains\keil_8051\9.60\BIN\C51.exe C:\Users\kovac\D
                    -esktop\miclab-zh-1\efm8-bb1-low-cost-board\shift\shift0\src\InitDevice.c OMF2 SMALL DEBUG OBJECTEXTEND ROM(LARGE) WARNIN
                    -GLEVEL(2) FLOATFUZZY(3) OPTIMIZE(8,SPEED) DEFINE(DEBUG=1) INTVECTOR(0X0000) INTPROMOTE INCDIR(C:\Users\kovac\Desktop\mic
                    -lab-zh-1\efm8-bb1-low-cost-board\shift\shift0\inc;C:/SiliconLabs/SimplicityStudio/v5/developer/sdks/8051/v4.2.1//Device/
                    -shared/si8051Base;C:/SiliconLabs/SimplicityStudio/v5/developer/sdks/8051/v4.2.1//Device/EFM8BB1/inc) PRINT(.\src\InitDev
                    -ice.lst) COND PAGEWIDTH(120) PAGELENGTH(65) OBJECT(.\src\InitDevice.OBJ)

line level    source

   1          //=========================================================
   2          // src/InitDevice.c: generated by Hardware Configurator
   3          //
   4          // This file will be regenerated when saving a document.
   5          // leave the sections inside the "$[...]" comment tags alone
   6          // or they will be overwritten!
   7          //=========================================================
   8          
   9          // USER INCLUDES
  10          #include <SI_EFM8BB1_Register_Enums.h>
  11          #include "InitDevice.h"
  12          
  13          // USER PROTOTYPES
  14          // USER FUNCTIONS
  15          
  16          // $[Library Includes]
  17          // [Library Includes]$
  18          
  19          //==============================================================================
  20          // enter_DefaultMode_from_RESET
  21          //==============================================================================
  22          extern void
  23          enter_DefaultMode_from_RESET (void)
  24          {
  25   1        // $[Config Calls]
  26   1        WDT_0_enter_DefaultMode_from_RESET ();
  27   1        PORTS_0_enter_DefaultMode_from_RESET ();
  28   1        PORTS_1_enter_DefaultMode_from_RESET ();
  29   1        PORTS_2_enter_DefaultMode_from_RESET ();
  30   1        PBCFG_0_enter_DefaultMode_from_RESET ();
  31   1        VREF_0_enter_DefaultMode_from_RESET ();
  32   1        // [Config Calls]$
  33   1      
  34   1      }
  35          
  36          extern void
  37          WDT_0_enter_DefaultMode_from_RESET (void)
  38          {
  39   1        // $[Watchdog Timer Init Variable Declarations]
  40   1        uint32_t i;
  41   1        bool ea;
  42   1        // [Watchdog Timer Init Variable Declarations]$
  43   1      
  44   1        // $[WDTCN - Watchdog Timer Control]
  45   1        // Deprecated
  46   1        // [WDTCN - Watchdog Timer Control]$
  47   1      
  48   1        // $[WDTCN_2 - Watchdog Timer Control]
  49   1      
  50   1        // Feed WDT timer before disabling (Erratum WDT_E102)
  51   1        WDTCN = 0xA5;
C51 COMPILER V9.60.0.0   INITDEVICE                                                        10/25/2021 12:19:07 PAGE 2   

  52   1      
  53   1        // Add 2 LFO cycle delay before disabling WDT (Erratum WDT_E102)
  54   1        for (i = 0; i < (2 * 3062500UL) / (10000 * 3); i++)
  55   1          {
  56   2            NOP ();
  57   2          }
  58   1      
  59   1        // Disable WDT
  60   1        ea = IE_EA;
  61   1        IE_EA = 0;
  62   1        WDTCN = 0xDE;
  63   1        WDTCN = 0xAD;
  64   1        IE_EA = ea;
  65   1      
  66   1        // [WDTCN_2 - Watchdog Timer Control]$
  67   1      
  68   1      }
  69          
  70          extern void
  71          PBCFG_0_enter_DefaultMode_from_RESET (void)
  72          {
  73   1        // $[XBR2 - Port I/O Crossbar 2]
  74   1        /***********************************************************************
  75   1         - Weak Pullups enabled 
  76   1         - Crossbar enabled
  77   1         ***********************************************************************/
  78   1        XBR2 = XBR2_WEAKPUD__PULL_UPS_ENABLED | XBR2_XBARE__ENABLED;
  79   1        // [XBR2 - Port I/O Crossbar 2]$
  80   1      
  81   1        // $[PRTDRV - Port Drive Strength]
  82   1        // [PRTDRV - Port Drive Strength]$
  83   1      
  84   1        // $[XBR0 - Port I/O Crossbar 0]
  85   1        // [XBR0 - Port I/O Crossbar 0]$
  86   1      
  87   1        // $[XBR1 - Port I/O Crossbar 1]
  88   1        // [XBR1 - Port I/O Crossbar 1]$
  89   1      
  90   1      }
  91          
  92          extern void
  93          VREF_0_enter_DefaultMode_from_RESET (void)
  94          {
  95   1        // $[REF0CN - Voltage Reference Control]
  96   1        /***********************************************************************
  97   1         - Disable the Temperature Sensor
  98   1         - The ADC0 ground reference is the GND pin
  99   1         - The internal reference operates at 1.65 V nominal
 100   1         - The ADC0 voltage reference is the VDD pin
 101   1         ***********************************************************************/
 102   1        REF0CN = REF0CN_TEMPE__TEMP_DISABLED | REF0CN_GNDSL__GND_PIN
 103   1            | REF0CN_IREFLVL__1P65 | REF0CN_REFSL__VDD_PIN;
 104   1        // [REF0CN - Voltage Reference Control]$
 105   1      
 106   1      }
 107          
 108          extern void
 109          PORTS_2_enter_DefaultMode_from_RESET (void)
 110          {
 111   1        // $[P2 - Port 2 Pin Latch]
 112   1        // [P2 - Port 2 Pin Latch]$
 113   1      
 114   1        // $[P2MDOUT - Port 2 Output Mode]
C51 COMPILER V9.60.0.0   INITDEVICE                                                        10/25/2021 12:19:07 PAGE 3   

 115   1        /***********************************************************************
 116   1         - P2.0 output is open-drain
 117   1         - P2.1 output is push-pull
 118   1         ***********************************************************************/
 119   1        P2MDOUT = P2MDOUT_B0__OPEN_DRAIN | P2MDOUT_B1__PUSH_PULL;
 120   1        // [P2MDOUT - Port 2 Output Mode]$
 121   1      
 122   1      }
 123          
 124          extern void
 125          PORTS_0_enter_DefaultMode_from_RESET (void)
 126          {
 127   1        // $[P0 - Port 0 Pin Latch]
 128   1        // [P0 - Port 0 Pin Latch]$
 129   1      
 130   1        // $[P0MDOUT - Port 0 Output Mode]
 131   1        /***********************************************************************
 132   1         - P0.0 output is open-drain
 133   1         - P0.1 output is push-pull
 134   1         - P0.2 output is push-pull
 135   1         - P0.3 output is open-drain
 136   1         - P0.4 output is open-drain
 137   1         - P0.5 output is open-drain
 138   1         - P0.6 output is open-drain
 139   1         - P0.7 output is open-drain
 140   1         ***********************************************************************/
 141   1        P0MDOUT = P0MDOUT_B0__OPEN_DRAIN | P0MDOUT_B1__PUSH_PULL
 142   1            | P0MDOUT_B2__PUSH_PULL | P0MDOUT_B3__OPEN_DRAIN | P0MDOUT_B4__OPEN_DRAIN
 143   1            | P0MDOUT_B5__OPEN_DRAIN | P0MDOUT_B6__OPEN_DRAIN
 144   1            | P0MDOUT_B7__OPEN_DRAIN;
 145   1        // [P0MDOUT - Port 0 Output Mode]$
 146   1      
 147   1        // $[P0MDIN - Port 0 Input Mode]
 148   1        // [P0MDIN - Port 0 Input Mode]$
 149   1      
 150   1        // $[P0SKIP - Port 0 Skip]
 151   1        // [P0SKIP - Port 0 Skip]$
 152   1      
 153   1        // $[P0MASK - Port 0 Mask]
 154   1        // [P0MASK - Port 0 Mask]$
 155   1      
 156   1        // $[P0MAT - Port 0 Match]
 157   1        // [P0MAT - Port 0 Match]$
 158   1      
 159   1      }
 160          
 161          extern void
 162          PORTS_1_enter_DefaultMode_from_RESET (void)
 163          {
 164   1        // $[P1 - Port 1 Pin Latch]
 165   1        // [P1 - Port 1 Pin Latch]$
 166   1      
 167   1        // $[P1MDOUT - Port 1 Output Mode]
 168   1        /***********************************************************************
 169   1         - P1.0 output is open-drain
 170   1         - P1.1 output is open-drain
 171   1         - P1.2 output is open-drain
 172   1         - P1.3 output is open-drain
 173   1         - P1.4 output is open-drain
 174   1         - P1.5 output is open-drain
 175   1         - P1.6 output is push-pull
 176   1         - P1.7 output is push-pull
 177   1         ***********************************************************************/
C51 COMPILER V9.60.0.0   INITDEVICE                                                        10/25/2021 12:19:07 PAGE 4   

 178   1        P1MDOUT = P1MDOUT_B0__OPEN_DRAIN | P1MDOUT_B1__OPEN_DRAIN
 179   1            | P1MDOUT_B2__OPEN_DRAIN | P1MDOUT_B3__OPEN_DRAIN | P1MDOUT_B4__OPEN_DRAIN
 180   1            | P1MDOUT_B5__OPEN_DRAIN | P1MDOUT_B6__PUSH_PULL | P1MDOUT_B7__PUSH_PULL;
 181   1        // [P1MDOUT - Port 1 Output Mode]$
 182   1      
 183   1        // $[P1MDIN - Port 1 Input Mode]
 184   1        // [P1MDIN - Port 1 Input Mode]$
 185   1      
 186   1        // $[P1SKIP - Port 1 Skip]
 187   1        // [P1SKIP - Port 1 Skip]$
 188   1      
 189   1        // $[P1MASK - Port 1 Mask]
 190   1        // [P1MASK - Port 1 Mask]$
 191   1      
 192   1        // $[P1MAT - Port 1 Match]
 193   1        // [P1MAT - Port 1 Match]$
 194   1      
 195   1      }
 196          


MODULE INFORMATION:   STATIC OVERLAYABLE
   CODE SIZE        =    111    ----
   CONSTANT SIZE    =   ----    ----
   XDATA SIZE       =   ----    ----
   PDATA SIZE       =   ----    ----
   DATA SIZE        =   ----       4
   IDATA SIZE       =   ----    ----
   BIT SIZE         =   ----       1
   EDATA SIZE       =   ----    ----
   HDATA SIZE       =   ----    ----
   XDATA CONST SIZE =   ----    ----
   FAR CONST SIZE   =   ----    ----
END OF MODULE INFORMATION.


C51 COMPILATION COMPLETE.  0 WARNING(S),  0 ERROR(S)
