C51 COMPILER V9.60.0.0   SHIFT0_MAIN                                                       10/25/2021 13:01:21 PAGE 1   


C51 COMPILER V9.60.0.0, COMPILATION OF MODULE SHIFT0_MAIN
OBJECT MODULE PLACED IN .\src\shift0_main.OBJ
COMPILER INVOKED BY: C:\SiliconLabs\SimplicityStudio\v5\developer\toolchains\keil_8051\9.60\BIN\C51.exe C:\Users\kovac\D
                    -esktop\miclab-zh-1\efm8-bb1-low-cost-board\shift\shift0\src\shift0_main.c OMF2 SMALL DEBUG OBJECTEXTEND ROM(LARGE) WARNI
                    -NGLEVEL(2) FLOATFUZZY(3) OPTIMIZE(8,SPEED) DEFINE(DEBUG=1) INTVECTOR(0X0000) INTPROMOTE INCDIR(C:\Users\kovac\Desktop\mi
                    -clab-zh-1\efm8-bb1-low-cost-board\shift\shift0\inc;C:/SiliconLabs/SimplicityStudio/v5/developer/sdks/8051/v4.2.1//Device
                    -/shared/si8051Base;C:/SiliconLabs/SimplicityStudio/v5/developer/sdks/8051/v4.2.1//Device/EFM8BB1/inc) PRINT(.\src\shift0
                    -_main.lst) COND PAGEWIDTH(120) PAGELENGTH(65) OBJECT(.\src\shift0_main.OBJ)

line level    source

   1          //=========================================================
   2          // src/shift0_main.c: generated by Hardware Configurator
   3          //
   4          // This file will be updated when saving a document.
   5          // leave the sections inside the "$[...]" comment tags alone
   6          // or they will be overwritten!!
   7          //=========================================================
   8          
   9          //-----------------------------------------------------------------------------
  10          // Includes
  11          //-----------------------------------------------------------------------------
  12          #include <SI_EFM8BB1_Register_Enums.h>                  // SFR declarations
  13          #include "InitDevice.h"
  14          // $[Generated Includes]
  15          // [Generated Includes]$
  16          
  17          // global constants
  18          #define ZERO 0
  19          #define ONE 1
  20          #define EIGHT 8
  21          
  22          // shift register defines
  23          #define SRCLR P2_B1
  24          #define SER P1_B7
  25          #define SRCLK P0_B1
  26          #define RCLK P0_B2
  27          #define OE P1_B6
  28          
  29          //data to display
  30          #define D_OUT 8U
  31          #define C_OUT 4U
  32          #define B_OUT 2U
  33          
  34          uint8_t iterator;
  35          
  36          //-----------------------------------------------------------------------------
  37          // SiLabs_Startup() Routine
  38          // ----------------------------------------------------------------------------
  39          // This function is called immediately after reset, before the initialization
  40          // code is run in SILABS_STARTUP.A51 (which runs before main() ). This is a
  41          // useful place to disable the watchdog timer, which is enable by default
  42          // and may trigger before main() in some instances.
  43          //-----------------------------------------------------------------------------
  44          void SiLabs_Startup (void)
  45          {
  46   1        // $[SiLabs Startup]
  47   1        // [SiLabs Startup]$
  48   1      }
  49          
  50          void display_led (uint8_t input_data) {
  51   1        //input_data = ~input_data;
C51 COMPILER V9.60.0.0   SHIFT0_MAIN                                                       10/25/2021 13:01:21 PAGE 2   

  52   1      
  53   1        //RCLK = ONE;
  54   1        OE = ONE; // kikapcsolom a kimenetet
  55   1      
  56   1        for (iterator = 0; iterator < EIGHT; ++iterator) {
  57   2            SER = (input_data >> (7-iterator)) & 1U;
  58   2            SRCLK = ONE; // továbbküldjük az adatot
  59   2            SRCLK = ZERO;
  60   2        }
  61   1      
  62   1        RCLK = ZERO; // eltároljuk az adatot (felmenő élre)
  63   1        RCLK = ONE;
  64   1      
  65   1        OE = ZERO; // bekapcsolom a kimenetet
  66   1      }
  67          
  68          //-----------------------------------------------------------------------------
  69          // main() Routine
  70          // ----------------------------------------------------------------------------
  71          int main (void)
  72          {
  73   1        // Call hardware initialization routine
  74   1        enter_DefaultMode_from_RESET();
  75   1        
  76   1      
  77   1      
  78   1        while (1) 
  79   1        {
  80   2          // $[Generated Run-time code]
  81   2          // [Generated Run-time code]$
  82   2      
  83   2            display_led(D_OUT);
  84   2        }                             
  85   1      }


MODULE INFORMATION:   STATIC OVERLAYABLE
   CODE SIZE        =     60    ----
   CONSTANT SIZE    =   ----    ----
   XDATA SIZE       =   ----    ----
   PDATA SIZE       =   ----    ----
   DATA SIZE        =      1    ----
   IDATA SIZE       =   ----    ----
   BIT SIZE         =   ----    ----
   EDATA SIZE       =   ----    ----
   HDATA SIZE       =   ----    ----
   XDATA CONST SIZE =   ----    ----
   FAR CONST SIZE   =   ----    ----
END OF MODULE INFORMATION.


C51 COMPILATION COMPLETE.  0 WARNING(S),  0 ERROR(S)
