C51 COMPILER V9.60.0.0   INTERRUPTS                                                        10/23/2021 20:31:01 PAGE 1   


C51 COMPILER V9.60.0.0, COMPILATION OF MODULE INTERRUPTS
OBJECT MODULE PLACED IN .\src\Interrupts.OBJ
COMPILER INVOKED BY: C:\SiliconLabs\SimplicityStudio\v5\developer\toolchains\keil_8051\9.60\BIN\C51.exe C:\Users\kovac\D
                    -esktop\miclab-zh-1\efm8-bb1-low-cost-board\led-button\ledButton2\src\Interrupts.c OMF2 SMALL DEBUG OBJECTEXTEND ROM(LARG
                    -E) WARNINGLEVEL(2) FLOATFUZZY(3) OPTIMIZE(8,SPEED) DEFINE(DEBUG=1) INTVECTOR(0X0000) INTPROMOTE INCDIR(C:\Users\kovac\De
                    -sktop\miclab-zh-1\efm8-bb1-low-cost-board\led-button\ledButton2\inc;C:/SiliconLabs/SimplicityStudio/v5/developer/sdks/80
                    -51/v4.2.1//Device/shared/si8051Base;C:/SiliconLabs/SimplicityStudio/v5/developer/sdks/8051/v4.2.1//Device/EFM8BB1/inc) P
                    -RINT(.\src\Interrupts.lst) COND PAGEWIDTH(120) PAGELENGTH(65) OBJECT(.\src\Interrupts.OBJ)

line level    source

   1          //=========================================================
   2          // src/Interrupts.c: generated by Hardware Configurator
   3          //
   4          // This file will be regenerated when saving a document.
   5          // leave the sections inside the "$[...]" comment tags alone
   6          // or they will be overwritten!
   7          //=========================================================
   8          
   9          // USER INCLUDES
  10          #include <SI_EFM8BB1_Register_Enums.h>
  11          
  12          // global constants
  13          #define ZERO 0
  14          
  15          // pin declaration
  16          #define LED0 P1_B4
  17          
  18          // variables
  19          volatile uint8_t counter = 0;
  20          volatile uint8_t max_value = 100;
  21          
  22          //-----------------------------------------------------------------------------
  23          // TIMER2_ISR
  24          //-----------------------------------------------------------------------------
  25          //
  26          // TIMER2 ISR Content goes here. Remember to clear flag bits:
  27          // TMR2CN0::TF2H (Timer # High Byte Overflow Flag)
  28          // TMR2CN0::TF2L (Timer # Low Byte Overflow Flag)
  29          //
  30          //-----------------------------------------------------------------------------
  31          SI_INTERRUPT (TIMER2_ISR, TIMER2_IRQn) //1000Hz
  32            {
  33   1          counter++;
  34   1          TMR2CN0_TF2H = 0;
  35   1      
  36   1          if (counter == max_value)
  37   1          {
  38   2              LED0 = !LED0;
  39   2              counter = ZERO;
  40   2          }
  41   1      
  42   1        }
  43          


MODULE INFORMATION:   STATIC OVERLAYABLE
   CODE SIZE        =     26    ----
   CONSTANT SIZE    =   ----    ----
   XDATA SIZE       =   ----    ----
   PDATA SIZE       =   ----    ----
   DATA SIZE        =      2    ----
C51 COMPILER V9.60.0.0   INTERRUPTS                                                        10/23/2021 20:31:01 PAGE 2   

   IDATA SIZE       =   ----    ----
   BIT SIZE         =   ----    ----
   EDATA SIZE       =   ----    ----
   HDATA SIZE       =   ----    ----
   XDATA CONST SIZE =   ----    ----
   FAR CONST SIZE   =   ----    ----
END OF MODULE INFORMATION.


C51 COMPILATION COMPLETE.  0 WARNING(S),  0 ERROR(S)
