C51 COMPILER V9.60.0.0   LEDBUTTON2_MAIN                                                   10/23/2021 20:57:06 PAGE 1   


C51 COMPILER V9.60.0.0, COMPILATION OF MODULE LEDBUTTON2_MAIN
OBJECT MODULE PLACED IN .\src\ledButton2_main.OBJ
COMPILER INVOKED BY: C:\SiliconLabs\SimplicityStudio\v5\developer\toolchains\keil_8051\9.60\BIN\C51.exe C:\Users\kovac\D
                    -esktop\miclab-zh-1\efm8-bb1-low-cost-board\led-button\ledButton2\src\ledButton2_main.c OMF2 SMALL DEBUG OBJECTEXTEND ROM
                    -(LARGE) WARNINGLEVEL(2) FLOATFUZZY(3) OPTIMIZE(8,SPEED) DEFINE(DEBUG=1) INTVECTOR(0X0000) INTPROMOTE INCDIR(C:\Users\kov
                    -ac\Desktop\miclab-zh-1\efm8-bb1-low-cost-board\led-button\ledButton2\inc;C:/SiliconLabs/SimplicityStudio/v5/developer/sd
                    -ks/8051/v4.2.1//Device/shared/si8051Base;C:/SiliconLabs/SimplicityStudio/v5/developer/sdks/8051/v4.2.1//Device/EFM8BB1/i
                    -nc) PRINT(.\src\ledButton2_main.lst) COND PAGEWIDTH(120) PAGELENGTH(65) OBJECT(.\src\ledButton2_main.OBJ)

line level    source

   1          //=========================================================
   2          // src/ledButton2_main.c: generated by Hardware Configurator
   3          //
   4          // This file will be updated when saving a document.
   5          // leave the sections inside the "$[...]" comment tags alone
   6          // or they will be overwritten!!
   7          //=========================================================
   8          
   9          //-----------------------------------------------------------------------------
  10          // Includes
  11          //-----------------------------------------------------------------------------
  12          #include <SI_EFM8BB1_Register_Enums.h>                  // SFR declarations
  13          #include "InitDevice.h"
  14          // $[Generated Includes]
  15          // [Generated Includes]$
  16          
  17          // global constants
  18          #define ZERO 0
  19          #define ONE 1
  20          
  21          //pin declaration
  22          #define LED0 P1_B4
  23          #define BTN0 P0_B2
  24          
  25          //variables
  26          extern volatile uint8_t counter;
  27          extern volatile uint8_t max_value;
  28          
  29          //-----------------------------------------------------------------------------
  30          // SiLabs_Startup() Routine
  31          // ----------------------------------------------------------------------------
  32          // This function is called immediately after reset, before the initialization
  33          // code is run in SILABS_STARTUP.A51 (which runs before main() ). This is a
  34          // useful place to disable the watchdog timer, which is enable by default
  35          // and may trigger before main() in some instances.
  36          //-----------------------------------------------------------------------------
  37          void SiLabs_Startup (void)
  38          {
  39   1        // $[SiLabs Startup]
  40   1        // [SiLabs Startup]$
  41   1      }
  42          
  43          //-----------------------------------------------------------------------------
  44          // main() Routine
  45          // ----------------------------------------------------------------------------
  46          int main (void)
  47          {
  48   1        // Call hardware initialization routine
  49   1        enter_DefaultMode_from_RESET();
  50   1        
  51   1        //max_value = 100;
C51 COMPILER V9.60.0.0   LEDBUTTON2_MAIN                                                   10/23/2021 20:57:06 PAGE 2   

  52   1      
  53   1        while (1) 
  54   1        {
  55   2          // $[Generated Run-time code]
  56   2          // [Generated Run-time code]$
  57   2      
  58   2            //max_value = 100;
  59   2      
  60   2            if (BTN0 == ZERO)
  61   2            {
  62   3                //counter = 0;
  63   3                //while (counter <= 5);
  64   3      
  65   3                if (max_value == 100)
  66   3                {
  67   4                    max_value = 25;
  68   4                } else if (max_value == 25)
  69   3                {
  70   4                    max_value = 5;
  71   4                } else if (max_value == 5)
  72   3                {
  73   4                    max_value = 100;
  74   4                }
  75   3      
  76   3                while (BTN0 == ZERO);
  77   3      
  78   3                //counter = 0;
  79   3                //while (counter <= 5);
  80   3            }
  81   2      
  82   2      
  83   2        }                             
  84   1      }


MODULE INFORMATION:   STATIC OVERLAYABLE
   CODE SIZE        =     46    ----
   CONSTANT SIZE    =   ----    ----
   XDATA SIZE       =   ----    ----
   PDATA SIZE       =   ----    ----
   DATA SIZE        =   ----    ----
   IDATA SIZE       =   ----    ----
   BIT SIZE         =   ----    ----
   EDATA SIZE       =   ----    ----
   HDATA SIZE       =   ----    ----
   XDATA CONST SIZE =   ----    ----
   FAR CONST SIZE   =   ----    ----
END OF MODULE INFORMATION.


C51 COMPILATION COMPLETE.  0 WARNING(S),  0 ERROR(S)
