C51 COMPILER V9.60.0.0   ADC1_MAIN                                                         10/24/2021 22:28:28 PAGE 1   


C51 COMPILER V9.60.0.0, COMPILATION OF MODULE ADC1_MAIN
OBJECT MODULE PLACED IN .\src\adc1_main.OBJ
COMPILER INVOKED BY: C:\SiliconLabs\SimplicityStudio\v5\developer\toolchains\keil_8051\9.60\BIN\C51.exe C:\Users\kovac\D
                    -esktop\miclab-zh-1\efm8-bb1-low-cost-board\adc\adc1\src\adc1_main.c OMF2 SMALL DEBUG OBJECTEXTEND ROM(LARGE) WARNINGLEVE
                    -L(2) FLOATFUZZY(3) OPTIMIZE(8,SPEED) DEFINE(DEBUG=1) INTVECTOR(0X0000) INTPROMOTE INCDIR(C:\Users\kovac\Desktop\miclab-z
                    -h-1\efm8-bb1-low-cost-board\adc\adc1\inc;C:/SiliconLabs/SimplicityStudio/v5/developer/sdks/8051/v4.2.1//Device/shared/si
                    -8051Base;C:/SiliconLabs/SimplicityStudio/v5/developer/sdks/8051/v4.2.1//Device/EFM8BB1/inc) PRINT(.\src\adc1_main.lst) C
                    -OND PAGEWIDTH(120) PAGELENGTH(65) OBJECT(.\src\adc1_main.OBJ)

line level    source

   1          //=========================================================
   2          // src/adc1_main.c: generated by Hardware Configurator
   3          //
   4          // This file will be updated when saving a document.
   5          // leave the sections inside the "$[...]" comment tags alone
   6          // or they will be overwritten!!
   7          //=========================================================
   8          
   9          //-----------------------------------------------------------------------------
  10          // Includes
  11          //-----------------------------------------------------------------------------
  12          #include <SI_EFM8BB1_Register_Enums.h>                  // SFR declarations
  13          #include "InitDevice.h"
  14          // $[Generated Includes]
  15          // [Generated Includes]$
  16          
  17          // global constants
  18          #define ZERO 0
  19          #define ONE 1
  20          #define VREF 3.3
  21          #define N 1024.0
  22          #define LSB_CONSTANT (VREF/N)
  23          #define M 1000
  24          
  25          // other variables
  26          extern volatile uint8_t ADC0DATA;
  27          float Volts = 0;
  28          float mVolts = 0;
  29          
  30          //-----------------------------------------------------------------------------
  31          // SiLabs_Startup() Routine
  32          // ----------------------------------------------------------------------------
  33          // This function is called immediately after reset, before the initialization
  34          // code is run in SILABS_STARTUP.A51 (which runs before main() ). This is a
  35          // useful place to disable the watchdog timer, which is enable by default
  36          // and may trigger before main() in some instances.
  37          //-----------------------------------------------------------------------------
  38          void SiLabs_Startup (void)
  39          {
  40   1        // $[SiLabs Startup]
  41   1        // [SiLabs Startup]$
  42   1      }
  43          
  44          float ADC0InVolts (uint8_t ADC0DATA) {
  45   1        return (ADC0DATA * LSB_CONSTANT);
  46   1      }
  47          
  48          //-----------------------------------------------------------------------------
  49          // main() Routine
  50          // ----------------------------------------------------------------------------
  51          int main (void)
C51 COMPILER V9.60.0.0   ADC1_MAIN                                                         10/24/2021 22:28:28 PAGE 2   

  52          {
  53   1        // Call hardware initialization routine
  54   1        enter_DefaultMode_from_RESET();
  55   1        
  56   1        while (1) 
  57   1        {
  58   2          // $[Generated Run-time code]
  59   2          // [Generated Run-time code]$
  60   2      
  61   2            Volts = ADC0InVolts(ADC0DATA);
  62   2            mVolts = Volts*1000;
  63   2        }                             
  64   1      }


MODULE INFORMATION:   STATIC OVERLAYABLE
   CODE SIZE        =     62    ----
   CONSTANT SIZE    =   ----    ----
   XDATA SIZE       =   ----    ----
   PDATA SIZE       =   ----    ----
   DATA SIZE        =      8    ----
   IDATA SIZE       =   ----    ----
   BIT SIZE         =   ----    ----
   EDATA SIZE       =   ----    ----
   HDATA SIZE       =   ----    ----
   XDATA CONST SIZE =   ----    ----
   FAR CONST SIZE   =   ----    ----
END OF MODULE INFORMATION.


C51 COMPILATION COMPLETE.  0 WARNING(S),  0 ERROR(S)
