C51 COMPILER V9.60.0.0   INTERRUPTS                                                        10/25/2021 09:55:15 PAGE 1   


C51 COMPILER V9.60.0.0, COMPILATION OF MODULE INTERRUPTS
OBJECT MODULE PLACED IN .\src\Interrupts.OBJ
COMPILER INVOKED BY: C:\SiliconLabs\SimplicityStudio\v5\developer\toolchains\keil_8051\9.60\BIN\C51.exe C:\Users\kovac\D
                    -esktop\miclab-zh-1\efm8-bb1-low-cost-board\adc\adc5\src\Interrupts.c OMF2 SMALL DEBUG OBJECTEXTEND ROM(LARGE) WARNINGLEV
                    -EL(2) FLOATFUZZY(3) OPTIMIZE(8,SPEED) DEFINE(DEBUG=1) INTVECTOR(0X0000) INTPROMOTE INCDIR(C:\Users\kovac\Desktop\miclab-
                    -zh-1\efm8-bb1-low-cost-board\adc\adc5\inc;C:/SiliconLabs/SimplicityStudio/v5/developer/sdks/8051/v4.2.1//Device/shared/s
                    -i8051Base;C:/SiliconLabs/SimplicityStudio/v5/developer/sdks/8051/v4.2.1//Device/EFM8BB1/inc) PRINT(.\src\Interrupts.lst)
                    - COND PAGEWIDTH(120) PAGELENGTH(65) OBJECT(.\src\Interrupts.OBJ)

line level    source

   1          //=========================================================
   2          // src/Interrupts.c: generated by Hardware Configurator
   3          //
   4          // This file will be regenerated when saving a document.
   5          // leave the sections inside the "$[...]" comment tags alone
   6          // or they will be overwritten!
   7          //=========================================================
   8          
   9          // USER INCLUDES
  10          #include <SI_EFM8BB1_Register_Enums.h>
  11          
  12          #define ZERO 0
  13          
  14          volatile uint32_t adc0_data = 0;
  15          volatile uint16_t counter = 0;
  16          
  17          //-----------------------------------------------------------------------------
  18          // ADC0EOC_ISR
  19          //-----------------------------------------------------------------------------
  20          //
  21          // ADC0EOC ISR Content goes here. Remember to clear flag bits:
  22          // ADC0CN0::ADINT (Conversion Complete Interrupt Flag)
  23          //
  24          //-----------------------------------------------------------------------------
  25          SI_INTERRUPT (ADC0EOC_ISR, ADC0EOC_IRQn)
  26            {
  27   1          ADC0CN0_ADINT = ZERO;
  28   1          adc0_data += ADC0;
  29   1          counter++;
  30   1      
  31   1      
  32   1        }
  33          


MODULE INFORMATION:   STATIC OVERLAYABLE
   CODE SIZE        =     68    ----
   CONSTANT SIZE    =   ----    ----
   XDATA SIZE       =   ----    ----
   PDATA SIZE       =   ----    ----
   DATA SIZE        =      6    ----
   IDATA SIZE       =   ----    ----
   BIT SIZE         =   ----    ----
   EDATA SIZE       =   ----    ----
   HDATA SIZE       =   ----    ----
   XDATA CONST SIZE =   ----    ----
   FAR CONST SIZE   =   ----    ----
END OF MODULE INFORMATION.


C51 COMPILATION COMPLETE.  0 WARNING(S),  0 ERROR(S)
