C51 COMPILER V9.60.0.0   ADC3_MAIN                                                         10/25/2021 00:12:29 PAGE 1   


C51 COMPILER V9.60.0.0, COMPILATION OF MODULE ADC3_MAIN
OBJECT MODULE PLACED IN .\src\adc3_main.OBJ
COMPILER INVOKED BY: C:\SiliconLabs\SimplicityStudio\v5\developer\toolchains\keil_8051\9.60\BIN\C51.exe C:\Users\kovac\D
                    -esktop\miclab-zh-1\efm8-bb1-low-cost-board\adc\adc3\src\adc3_main.c OMF2 SMALL DEBUG OBJECTEXTEND ROM(LARGE) WARNINGLEVE
                    -L(2) FLOATFUZZY(3) OPTIMIZE(8,SPEED) DEFINE(DEBUG=1) INTVECTOR(0X0000) INTPROMOTE INCDIR(C:\Users\kovac\Desktop\miclab-z
                    -h-1\efm8-bb1-low-cost-board\adc\adc3\inc;C:/SiliconLabs/SimplicityStudio/v5/developer/sdks/8051/v4.2.1//Device/shared/si
                    -8051Base;C:/SiliconLabs/SimplicityStudio/v5/developer/sdks/8051/v4.2.1//Device/EFM8BB1/inc) PRINT(.\src\adc3_main.lst) C
                    -OND PAGEWIDTH(120) PAGELENGTH(65) OBJECT(.\src\adc3_main.OBJ)

line level    source

   1          //=========================================================
   2          // src/adc3_main.c: generated by Hardware Configurator
   3          //
   4          // This file will be updated when saving a document.
   5          // leave the sections inside the "$[...]" comment tags alone
   6          // or they will be overwritten!!
   7          //=========================================================
   8          
   9          //-----------------------------------------------------------------------------
  10          // Includes
  11          //-----------------------------------------------------------------------------
  12          #include <SI_EFM8BB1_Register_Enums.h>                  // SFR declarations
  13          #include "InitDevice.h"
  14          // $[Generated Includes]
  15          // [Generated Includes]$
  16          
  17          // Global constants
  18          #define ZERO 0
  19          #define ONE 1
  20          #define RESOLUTION 4096.0
  21          #define VREF 3.3
  22          #define R0 10000.0
  23          #define LSB_CONSTANT (VREF/RESOLUTION)
  24          
  25          // Global variables
  26          extern volatile uint16_t adc0_data;
  27          float Volts = 0;
  28          float Resistor = 0;
  29          
  30          //-----------------------------------------------------------------------------
  31          // SiLabs_Startup() Routine
  32          // ----------------------------------------------------------------------------
  33          // This function is called immediately after reset, before the initialization
  34          // code is run in SILABS_STARTUP.A51 (which runs before main() ). This is a
  35          // useful place to disable the watchdog timer, which is enable by default
  36          // and may trigger before main() in some instances.
  37          //-----------------------------------------------------------------------------
  38          void SiLabs_Startup (void)
  39          {
  40   1        // $[SiLabs Startup]
  41   1        // [SiLabs Startup]$
  42   1      }
  43          
  44          float ADC0InVolts (uint16_t adc0_data) {
  45   1        return (adc0_data * LSB_CONSTANT);
  46   1      }
  47          
  48          float get_resistor_value (float Volts) {
  49   1        return ((Volts*R0)/(VREF-Volts));
  50   1      }
  51          
C51 COMPILER V9.60.0.0   ADC3_MAIN                                                         10/25/2021 00:12:29 PAGE 2   

  52          //-----------------------------------------------------------------------------
  53          // main() Routine
  54          // ----------------------------------------------------------------------------
  55          int main (void)
  56          {
  57   1        // Call hardware initialization routine
  58   1        enter_DefaultMode_from_RESET();
  59   1        
  60   1        while (1) 
  61   1        {
  62   2          // $[Generated Run-time code]
  63   2          // [Generated Run-time code]$
  64   2      
  65   2            Volts = ADC0InVolts(adc0_data);
  66   2            Resistor = get_resistor_value(Volts);
  67   2        }                             
  68   1      }


MODULE INFORMATION:   STATIC OVERLAYABLE
   CODE SIZE        =    116    ----
   CONSTANT SIZE    =   ----    ----
   XDATA SIZE       =   ----    ----
   PDATA SIZE       =   ----    ----
   DATA SIZE        =      8       4
   IDATA SIZE       =   ----    ----
   BIT SIZE         =   ----    ----
   EDATA SIZE       =   ----    ----
   HDATA SIZE       =   ----    ----
   XDATA CONST SIZE =   ----    ----
   FAR CONST SIZE   =   ----    ----
END OF MODULE INFORMATION.


C51 COMPILATION COMPLETE.  0 WARNING(S),  0 ERROR(S)
