C51 COMPILER V9.60.0.0   LEDBUTTON3_MAIN                                                   10/24/2021 11:03:34 PAGE 1   


C51 COMPILER V9.60.0.0, COMPILATION OF MODULE LEDBUTTON3_MAIN
OBJECT MODULE PLACED IN .\src\ledButton3_main.OBJ
COMPILER INVOKED BY: C:\SiliconLabs\SimplicityStudio\v5\developer\toolchains\keil_8051\9.60\BIN\C51.exe C:\Users\kovac\D
                    -esktop\miclab-zh-1\efm8-bb1-low-cost-board\led-button\ledButton3\src\ledButton3_main.c OMF2 SMALL DEBUG OBJECTEXTEND ROM
                    -(LARGE) WARNINGLEVEL(2) FLOATFUZZY(3) OPTIMIZE(8,SPEED) DEFINE(DEBUG=1) INTVECTOR(0X0000) INTPROMOTE INCDIR(C:\Users\kov
                    -ac\Desktop\miclab-zh-1\efm8-bb1-low-cost-board\led-button\ledButton3\inc;C:/SiliconLabs/SimplicityStudio/v5/developer/sd
                    -ks/8051/v4.2.1//Device/shared/si8051Base;C:/SiliconLabs/SimplicityStudio/v5/developer/sdks/8051/v4.2.1//Device/EFM8BB1/i
                    -nc) PRINT(.\src\ledButton3_main.lst) COND PAGEWIDTH(120) PAGELENGTH(65) OBJECT(.\src\ledButton3_main.OBJ)

line level    source

   1          //=========================================================
   2          // src/ledButton3_main.c: generated by Hardware Configurator
   3          //
   4          // This file will be updated when saving a document.
   5          // leave the sections inside the "$[...]" comment tags alone
   6          // or they will be overwritten!!
   7          //=========================================================
   8          
   9          //-----------------------------------------------------------------------------
  10          // Includes
  11          //-----------------------------------------------------------------------------
  12          #include <SI_EFM8BB1_Register_Enums.h>                  // SFR declarations
  13          #include "InitDevice.h"
  14          // $[Generated Includes]
  15          // [Generated Includes]$
  16          
  17          // global constants
  18          #define ZERO 0
  19          #define ONE 1
  20          
  21          // pin declaration
  22          #define LED0 P1_B4
  23          #define BTN0 P0_B2
  24          
  25          // counters and other helper variables
  26          extern volatile uint16_t counter;
  27          uint8_t b_is_running = 1;
  28          
  29          
  30          //-----------------------------------------------------------------------------
  31          // SiLabs_Startup() Routine
  32          // ----------------------------------------------------------------------------
  33          // This function is called immediately after reset, before the initialization
  34          // code is run in SILABS_STARTUP.A51 (which runs before main() ). This is a
  35          // useful place to disable the watchdog timer, which is enable by default
  36          // and may trigger before main() in some instances.
  37          //-----------------------------------------------------------------------------
  38          void SiLabs_Startup (void)
  39          {
  40   1        // $[SiLabs Startup]
  41   1        // [SiLabs Startup]$
  42   1      }
  43          
  44          //-----------------------------------------------------------------------------
  45          // main() Routine
  46          // ----------------------------------------------------------------------------
  47          int main (void)
  48          {
  49   1        // Call hardware initialization routine
  50   1        enter_DefaultMode_from_RESET();
  51   1        
C51 COMPILER V9.60.0.0   LEDBUTTON3_MAIN                                                   10/24/2021 11:03:34 PAGE 2   

  52   1        while (counter < 50);
  53   1        LED0 = ZERO;
  54   1        counter = ZERO;
  55   1      
  56   1        while (1) 
  57   1        {
  58   2          // $[Generated Run-time code]
  59   2          // [Generated Run-time code]$
  60   2      
  61   2            if ((counter < 200) && (BTN0 == ZERO)) {
  62   3                LED0 = ONE;
  63   3            }
  64   2      
  65   2      
  66   2      
  67   2      
  68   2      
  69   2      
  70   2      
  71   2      
  72   2      
  73   2            /*
  74   2            //counter = 0;
  75   2            if (b_is_running == 1)
  76   2            {
  77   2                //counter = ZERO;
  78   2                while (counter < 50);
  79   2                LED0 = ZERO;
  80   2                //counter = 0;
  81   2      
  82   2                if ((BTN0 == ZERO))
  83   2                {
  84   2                    //counter = 0;
  85   2                    if (counter < 250)
  86   2                    {
  87   2                        LED0 = ONE;
  88   2                        b_is_running = ZERO;
  89   2      
  90   2                    }else
  91   2                      {
  92   2                        counter = 0;
  93   2                      }
  94   2               }
  95   2            }
  96   2      
  97   2            */
  98   2        }                             
  99   1      }


MODULE INFORMATION:   STATIC OVERLAYABLE
   CODE SIZE        =     40    ----
   CONSTANT SIZE    =   ----    ----
   XDATA SIZE       =   ----    ----
   PDATA SIZE       =   ----    ----
   DATA SIZE        =      1    ----
   IDATA SIZE       =   ----    ----
   BIT SIZE         =   ----    ----
   EDATA SIZE       =   ----    ----
   HDATA SIZE       =   ----    ----
   XDATA CONST SIZE =   ----    ----
   FAR CONST SIZE   =   ----    ----
END OF MODULE INFORMATION.

C51 COMPILER V9.60.0.0   LEDBUTTON3_MAIN                                                   10/24/2021 11:03:34 PAGE 3   


C51 COMPILATION COMPLETE.  0 WARNING(S),  0 ERROR(S)
