C51 COMPILER V9.60.0.0   SHIFT1_MAIN                                                       10/25/2021 13:31:31 PAGE 1   


C51 COMPILER V9.60.0.0, COMPILATION OF MODULE SHIFT1_MAIN
OBJECT MODULE PLACED IN .\src\shift1_main.OBJ
COMPILER INVOKED BY: C:\SiliconLabs\SimplicityStudio\v5\developer\toolchains\keil_8051\9.60\BIN\C51.exe C:\Users\kovac\D
                    -esktop\miclab-zh-1\efm8-bb1-low-cost-board\shift\shift1\src\shift1_main.c OMF2 SMALL DEBUG OBJECTEXTEND ROM(LARGE) WARNI
                    -NGLEVEL(2) FLOATFUZZY(3) OPTIMIZE(8,SPEED) DEFINE(DEBUG=1) INTVECTOR(0X0000) INTPROMOTE INCDIR(C:\Users\kovac\Desktop\mi
                    -clab-zh-1\efm8-bb1-low-cost-board\shift\shift1\inc;C:/SiliconLabs/SimplicityStudio/v5/developer/sdks/8051/v4.2.1//Device
                    -/shared/si8051Base;C:/SiliconLabs/SimplicityStudio/v5/developer/sdks/8051/v4.2.1//Device/EFM8BB1/inc) PRINT(.\src\shift1
                    -_main.lst) COND PAGEWIDTH(120) PAGELENGTH(65) OBJECT(.\src\shift1_main.OBJ)

line level    source

   1          //=========================================================
   2          // src/shift1_main.c: generated by Hardware Configurator
   3          //
   4          // This file will be updated when saving a document.
   5          // leave the sections inside the "$[...]" comment tags alone
   6          // or they will be overwritten!!
   7          //=========================================================
   8          
   9          //-----------------------------------------------------------------------------
  10          // Includes
  11          //-----------------------------------------------------------------------------
  12          #include <SI_EFM8BB1_Register_Enums.h>                  // SFR declarations
  13          #include "InitDevice.h"
  14          // $[Generated Includes]
  15          // [Generated Includes]$
  16          
  17          // global constants
  18          #define ZERO 0
  19          #define ONE 1
  20          #define EIGHT 8
  21          
  22          // shift register defines
  23          #define SRCLR P2_B1
  24          #define SER P1_B7
  25          #define SRCLK P0_B1
  26          #define RCLK P0_B2
  27          #define OE P1_B6
  28          
  29          //data to display
  30          #define D_OUT 8U
  31          #define C_OUT 4U
  32          #define B_OUT 2U
  33          
  34          uint8_t iterator;
  35          uint16_t i;
  36          
  37          //-----------------------------------------------------------------------------
  38          // SiLabs_Startup() Routine
  39          // ----------------------------------------------------------------------------
  40          // This function is called immediately after reset, before the initialization
  41          // code is run in SILABS_STARTUP.A51 (which runs before main() ). This is a
  42          // useful place to disable the watchdog timer, which is enable by default
  43          // and may trigger before main() in some instances.
  44          //-----------------------------------------------------------------------------
  45          void SiLabs_Startup (void)
  46          {
  47   1        // $[SiLabs Startup]
  48   1        // [SiLabs Startup]$
  49   1      }
  50          
  51          void delay (uint8_t max_value) {
C51 COMPILER V9.60.0.0   SHIFT1_MAIN                                                       10/25/2021 13:31:31 PAGE 2   

  52   1        for (i = 0; i < max_value; ++i) {
  53   2            while (!TCON_TF0);
  54   2            TCON_TF0 = ZERO;
  55   2        }
  56   1      }
  57          
  58          
  59          void display_led (uint8_t input_data) {
  60   1        OE = ONE;
  61   1      
  62   1        for (iterator = 0; iterator < EIGHT; ++iterator) {
  63   2            SER = (input_data >> (7-iterator)) & 1U;
  64   2            SRCLK = ONE;
  65   2            SRCLK = ZERO;
  66   2        }
  67   1      
  68   1        RCLK = ZERO;
  69   1        RCLK = ONE;
  70   1      
  71   1        OE = ZERO;
  72   1      }
  73          
  74          //-----------------------------------------------------------------------------
  75          // main() Routine
  76          // ----------------------------------------------------------------------------
  77          int main (void)
  78          {
  79   1        // Call hardware initialization routine
  80   1        enter_DefaultMode_from_RESET();
  81   1        
  82   1        while (1) 
  83   1        {
  84   2          // $[Generated Run-time code]
  85   2          // [Generated Run-time code]$
  86   2      
  87   2            display_led(B_OUT); //piros
  88   2            delay(2000);
  89   2            display_led(B_OUT); // piros sárga
  90   2            display_led(C_OUT);
  91   2            delay(1000);
  92   2            display_led(D_OUT); // zöld
  93   2            delay(2000);
  94   2            display_led(C_OUT); // sárga
  95   2            delay(1000);
  96   2        }                             
  97   1      }


MODULE INFORMATION:   STATIC OVERLAYABLE
   CODE SIZE        =    126    ----
   CONSTANT SIZE    =   ----    ----
   XDATA SIZE       =   ----    ----
   PDATA SIZE       =   ----    ----
   DATA SIZE        =      3    ----
   IDATA SIZE       =   ----    ----
   BIT SIZE         =   ----    ----
   EDATA SIZE       =   ----    ----
   HDATA SIZE       =   ----    ----
   XDATA CONST SIZE =   ----    ----
   FAR CONST SIZE   =   ----    ----
END OF MODULE INFORMATION.


C51 COMPILATION COMPLETE.  0 WARNING(S),  0 ERROR(S)
