C51 COMPILER V9.60.0.0   ADC2_MAIN                                                         10/24/2021 23:32:08 PAGE 1   


C51 COMPILER V9.60.0.0, COMPILATION OF MODULE ADC2_MAIN
OBJECT MODULE PLACED IN .\src\adc2_main.OBJ
COMPILER INVOKED BY: C:\SiliconLabs\SimplicityStudio\v5\developer\toolchains\keil_8051\9.60\BIN\C51.exe C:\Users\kovac\D
                    -esktop\miclab-zh-1\efm8-bb1-low-cost-board\adc\adc2\src\adc2_main.c OMF2 SMALL DEBUG OBJECTEXTEND ROM(LARGE) WARNINGLEVE
                    -L(2) FLOATFUZZY(3) OPTIMIZE(8,SPEED) DEFINE(DEBUG=1) INTVECTOR(0X0000) INTPROMOTE INCDIR(C:\Users\kovac\Desktop\miclab-z
                    -h-1\efm8-bb1-low-cost-board\adc\adc2\inc;C:/SiliconLabs/SimplicityStudio/v5/developer/sdks/8051/v4.2.1//Device/shared/si
                    -8051Base;C:/SiliconLabs/SimplicityStudio/v5/developer/sdks/8051/v4.2.1//Device/EFM8BB1/inc) PRINT(.\src\adc2_main.lst) C
                    -OND PAGEWIDTH(120) PAGELENGTH(65) OBJECT(.\src\adc2_main.OBJ)

line level    source

   1          //=========================================================
   2          // src/adc2_main.c: generated by Hardware Configurator
   3          //
   4          // This file will be updated when saving a document.
   5          // leave the sections inside the "$[...]" comment tags alone
   6          // or they will be overwritten!!
   7          //=========================================================
   8          
   9          //-----------------------------------------------------------------------------
  10          // Includes
  11          //-----------------------------------------------------------------------------
  12          #include <SI_EFM8BB1_Register_Enums.h>                  // SFR declarations
  13          #include "InitDevice.h"
  14          // $[Generated Includes]
  15          // [Generated Includes]$
  16          
  17          // Global constants
  18          #define ZERO 0
  19          #define ONE 1
  20          #define RESOLUTION 1024.0
  21          #define VREF 3.3
  22          #define LSB_CONSTANT (VREF/RESOLUTION)
  23          #define PERCENTAGE 100
  24          
  25          // Global variable
  26          uint16_t adc0_data = 0;
  27          float adc0_voltage = 0;
  28          uint16_t adc_percentage = 0;
  29          
  30          //-----------------------------------------------------------------------------
  31          // SiLabs_Startup() Routine
  32          // ----------------------------------------------------------------------------
  33          // This function is called immediately after reset, before the initialization
  34          // code is run in SILABS_STARTUP.A51 (which runs before main() ). This is a
  35          // useful place to disable the watchdog timer, which is enable by default
  36          // and may trigger before main() in some instances.
  37          //-----------------------------------------------------------------------------
  38          void SiLabs_Startup (void)
  39          {
  40   1        // $[SiLabs Startup]
  41   1        // [SiLabs Startup]$
  42   1      }
  43          
  44          uint16_t measureADC0 (){
  45   1        ADC0CN0_ADINT = 0;
  46   1        ADC0CN0_ADBUSY = 1;
  47   1        while (!ADC0CN0_ADINT);
  48   1        return ADC0;
  49   1      }
  50          
  51          float getADC0Data (float adc0_data) {
C51 COMPILER V9.60.0.0   ADC2_MAIN                                                         10/24/2021 23:32:08 PAGE 2   

  52   1        return (adc0_data * LSB_CONSTANT);
  53   1      }
  54          
  55          uint16_t getPercentage (uint16_t adc0_data) {
  56   1        return ((adc0_data / 1023) * PERCENTAGE);
  57   1      }
  58          
  59          
  60          //-----------------------------------------------------------------------------
  61          // main() Routine
  62          // ----------------------------------------------------------------------------
  63          int main (void)
  64          {
  65   1        // Call hardware initialization routine
  66   1        enter_DefaultMode_from_RESET();
  67   1        
  68   1        while (1) 
  69   1        {
  70   2          // $[Generated Run-time code]
  71   2          // [Generated Run-time code]$
  72   2      
  73   2            adc0_data = measureADC0();
  74   2            adc0_voltage = getADC0Data(adc0_data);
  75   2            adc_percentage = getPercentage(adc0_data);
  76   2      
  77   2        }                             
  78   1      }


MODULE INFORMATION:   STATIC OVERLAYABLE
   CODE SIZE        =     96    ----
   CONSTANT SIZE    =   ----    ----
   XDATA SIZE       =   ----    ----
   PDATA SIZE       =   ----    ----
   DATA SIZE        =      8       4
   IDATA SIZE       =   ----    ----
   BIT SIZE         =   ----    ----
   EDATA SIZE       =   ----    ----
   HDATA SIZE       =   ----    ----
   XDATA CONST SIZE =   ----    ----
   FAR CONST SIZE   =   ----    ----
END OF MODULE INFORMATION.


C51 COMPILATION COMPLETE.  0 WARNING(S),  0 ERROR(S)
