C51 COMPILER V9.60.0.0   ADC0_MAIN                                                         10/24/2021 21:16:33 PAGE 1   


C51 COMPILER V9.60.0.0, COMPILATION OF MODULE ADC0_MAIN
OBJECT MODULE PLACED IN .\src\adc0_main.OBJ
COMPILER INVOKED BY: C:\SiliconLabs\SimplicityStudio\v5\developer\toolchains\keil_8051\9.60\BIN\C51.exe C:\Users\kovac\D
                    -esktop\miclab-zh-1\efm8-bb1-low-cost-board\adc\adc0\src\adc0_main.c OMF2 SMALL DEBUG OBJECTEXTEND ROM(LARGE) WARNINGLEVE
                    -L(2) FLOATFUZZY(3) OPTIMIZE(8,SPEED) DEFINE(DEBUG=1) INTVECTOR(0X0000) INTPROMOTE INCDIR(C:\Users\kovac\Desktop\miclab-z
                    -h-1\efm8-bb1-low-cost-board\adc\adc0\inc;C:/SiliconLabs/SimplicityStudio/v5/developer/sdks/8051/v4.2.1//Device/shared/si
                    -8051Base;C:/SiliconLabs/SimplicityStudio/v5/developer/sdks/8051/v4.2.1//Device/EFM8BB1/inc) PRINT(.\src\adc0_main.lst) C
                    -OND PAGEWIDTH(120) PAGELENGTH(65) OBJECT(.\src\adc0_main.OBJ)

line level    source

   1          //=========================================================
   2          // src/adc0_main.c: generated by Hardware Configurator
   3          //
   4          // This file will be updated when saving a document.
   5          // leave the sections inside the "$[...]" comment tags alone
   6          // or they will be overwritten!!
   7          //=========================================================
   8          
   9          //-----------------------------------------------------------------------------
  10          // Includes
  11          //-----------------------------------------------------------------------------
  12          #include <SI_EFM8BB1_Register_Enums.h>                  // SFR declarations
  13          #include "InitDevice.h"
  14          // $[Generated Includes]
  15          // [Generated Includes]$
  16          
  17          // global constants
  18          #define ZERO 0
  19          #define ONE 1
  20          #define RESOLUTION 1024.0
  21          #define VREF 3.3
  22          
  23          // global variables
  24          uint8_t ADC0DATA = 0;
  25          float ADC0Voltage = 0;
  26          // pin declaration
  27          //#define ADC0 P1_B7
  28          
  29          //-----------------------------------------------------------------------------
  30          // SiLabs_Startup() Routine
  31          // ----------------------------------------------------------------------------
  32          // This function is called immediately after reset, before the initialization
  33          // code is run in SILABS_STARTUP.A51 (which runs before main() ). This is a
  34          // useful place to disable the watchdog timer, which is enable by default
  35          // and may trigger before main() in some instances.
  36          //-----------------------------------------------------------------------------
  37          void SiLabs_Startup (void)
  38          {
  39   1        // $[SiLabs Startup]
  40   1        // [SiLabs Startup]$
  41   1      }
  42          
  43          uint8_t measureADC0 (){
  44   1        ADC0CN0_ADINT = 0; // clear interrupt flag
  45   1        ADC0CN0_ADBUSY = 1; // start conversion
  46   1        while (!ADC0CN0_ADINT); // wait for end of conversion
  47   1        return ADC0; // converted value
  48   1      }
  49          
  50          float getADC0Data (float ADC0DATA) {
  51   1        return (ADC0DATA*(VREF/RESOLUTION));
C51 COMPILER V9.60.0.0   ADC0_MAIN                                                         10/24/2021 21:16:33 PAGE 2   

  52   1      }
  53          
  54          
  55          //-----------------------------------------------------------------------------
  56          // main() Routine
  57          // ----------------------------------------------------------------------------
  58          int main (void)
  59          {
  60   1        // Call hardware initialization routine
  61   1        enter_DefaultMode_from_RESET();
  62   1        
  63   1        while (1) 
  64   1        {
  65   2          // $[Generated Run-time code]
  66   2          // [Generated Run-time code]$
  67   2      
  68   2            ADC0DATA = measureADC0();
  69   2      
  70   2            ADC0Voltage = getADC0Data(ADC0DATA);
  71   2        }                             
  72   1      }


MODULE INFORMATION:   STATIC OVERLAYABLE
   CODE SIZE        =     65    ----
   CONSTANT SIZE    =   ----    ----
   XDATA SIZE       =   ----    ----
   PDATA SIZE       =   ----    ----
   DATA SIZE        =      5       4
   IDATA SIZE       =   ----    ----
   BIT SIZE         =   ----    ----
   EDATA SIZE       =   ----    ----
   HDATA SIZE       =   ----    ----
   XDATA CONST SIZE =   ----    ----
   FAR CONST SIZE   =   ----    ----
END OF MODULE INFORMATION.


C51 COMPILATION COMPLETE.  0 WARNING(S),  0 ERROR(S)
