C51 COMPILER V9.60.0.0   ADC4_MAIN                                                         10/25/2021 00:52:58 PAGE 1   


C51 COMPILER V9.60.0.0, COMPILATION OF MODULE ADC4_MAIN
OBJECT MODULE PLACED IN .\src\adc4_main.OBJ
COMPILER INVOKED BY: C:\SiliconLabs\SimplicityStudio\v5\developer\toolchains\keil_8051\9.60\BIN\C51.exe C:\Users\kovac\D
                    -esktop\miclab-zh-1\efm8-bb1-low-cost-board\adc\adc4\src\adc4_main.c OMF2 SMALL DEBUG OBJECTEXTEND ROM(LARGE) WARNINGLEVE
                    -L(2) FLOATFUZZY(3) OPTIMIZE(8,SPEED) DEFINE(DEBUG=1) INTVECTOR(0X0000) INTPROMOTE INCDIR(C:\Users\kovac\Desktop\miclab-z
                    -h-1\efm8-bb1-low-cost-board\adc\adc4\inc;C:/SiliconLabs/SimplicityStudio/v5/developer/sdks/8051/v4.2.1//Device/shared/si
                    -8051Base;C:/SiliconLabs/SimplicityStudio/v5/developer/sdks/8051/v4.2.1//Device/EFM8BB1/inc) PRINT(.\src\adc4_main.lst) C
                    -OND PAGEWIDTH(120) PAGELENGTH(65) OBJECT(.\src\adc4_main.OBJ)

line level    source

   1          //=========================================================
   2          // src/adc4_main.c: generated by Hardware Configurator
   3          //
   4          // This file will be updated when saving a document.
   5          // leave the sections inside the "$[...]" comment tags alone
   6          // or they will be overwritten!!
   7          //=========================================================
   8          
   9          //-----------------------------------------------------------------------------
  10          // Includes
  11          //-----------------------------------------------------------------------------
  12          #include <SI_EFM8BB1_Register_Enums.h>                  // SFR declarations
  13          #include "InitDevice.h"
  14          #include "math.h"
  15          // $[Generated Includes]
  16          // [Generated Includes]$
  17          
  18          // Global constants
  19          #define ZERO 0
  20          #define ONE 1
  21          
  22          //values for resistor and adc calculation
  23          #define RESOLUTION 4096.0
  24          #define VREF 3.3
  25          #define R0 10000.0
  26          #define LSB_CONSTANT (VREF/RESOLUTION)
  27          
  28          // values for termistor
  29          #define T25 298.15
  30          #define B2585 3977.0
  31          
  32          // Global variables
  33          extern volatile uint16_t adc0_data;
  34          float Volts = 0;
  35          float Resistor = 0;
  36          float Kelvin = 0;
  37          float Celsius = 0;
  38          
  39          //-----------------------------------------------------------------------------
  40          // SiLabs_Startup() Routine
  41          // ----------------------------------------------------------------------------
  42          // This function is called immediately after reset, before the initialization
  43          // code is run in SILABS_STARTUP.A51 (which runs before main() ). This is a
  44          // useful place to disable the watchdog timer, which is enable by default
  45          // and may trigger before main() in some instances.
  46          //-----------------------------------------------------------------------------
  47          void SiLabs_Startup (void)
  48          {
  49   1        // $[SiLabs Startup]
  50   1        // [SiLabs Startup]$
  51   1      }
C51 COMPILER V9.60.0.0   ADC4_MAIN                                                         10/25/2021 00:52:58 PAGE 2   

  52          
  53          float ADC0InVolts (uint16_t adc0_data) {
  54   1        return (adc0_data * LSB_CONSTANT);
  55   1      }
  56          
  57          float get_resistor_value (float Volts) {
  58   1        return ((Volts*R0)/(VREF-Volts));
  59   1      }
  60          
  61          float get_temperature_K (float Resistor) {
  62   1        return (1/((1/T25)+(1/B2585)*(log(Resistor/R0))));
  63   1      }
  64          
  65          float get_celsius (float Kelvin) {
  66   1        return Kelvin - 273.15;
  67   1      }
  68          
  69          //-----------------------------------------------------------------------------
  70          // main() Routine
  71          // ----------------------------------------------------------------------------
  72          int main (void)
  73          {
  74   1        // Call hardware initialization routine
  75   1        enter_DefaultMode_from_RESET();
  76   1        
  77   1        while (1) 
  78   1        {
  79   2          // $[Generated Run-time code]
  80   2          // [Generated Run-time code]$
  81   2      
  82   2            Volts = ADC0InVolts(adc0_data);
  83   2            Resistor = get_resistor_value(Volts);
  84   2            Kelvin = get_temperature_K(Resistor);
  85   2            Celsius = get_celsius(Kelvin);
  86   2        }                             
  87   1      }


MODULE INFORMATION:   STATIC OVERLAYABLE
   CODE SIZE        =    219    ----
   CONSTANT SIZE    =   ----    ----
   XDATA SIZE       =   ----    ----
   PDATA SIZE       =   ----    ----
   DATA SIZE        =     16       8
   IDATA SIZE       =   ----    ----
   BIT SIZE         =   ----    ----
   EDATA SIZE       =   ----    ----
   HDATA SIZE       =   ----    ----
   XDATA CONST SIZE =   ----    ----
   FAR CONST SIZE   =   ----    ----
END OF MODULE INFORMATION.


C51 COMPILATION COMPLETE.  0 WARNING(S),  0 ERROR(S)
