C51 COMPILER V9.60.0.0   INITDEVICE                                                        10/23/2021 09:50:15 PAGE 1   


C51 COMPILER V9.60.0.0, COMPILATION OF MODULE INITDEVICE
OBJECT MODULE PLACED IN .\src\InitDevice.OBJ
COMPILER INVOKED BY: C:\SiliconLabs\SimplicityStudio\v5\developer\toolchains\keil_8051\9.60\BIN\C51.exe C:\Users\kovac\D
                    -esktop\miclab-zh-1\efm8-bb1-low-cost-board\timer\timer-02\src\InitDevice.c OMF2 SMALL DEBUG OBJECTEXTEND ROM(LARGE) WARN
                    -INGLEVEL(2) FLOATFUZZY(3) OPTIMIZE(8,SPEED) DEFINE(DEBUG=1) INTVECTOR(0X0000) INTPROMOTE INCDIR(C:\Users\kovac\Desktop\m
                    -iclab-zh-1\efm8-bb1-low-cost-board\timer\timer-02\inc;C:/SiliconLabs/SimplicityStudio/v5/developer/sdks/8051/v4.2.1//Dev
                    -ice/shared/si8051Base;C:/SiliconLabs/SimplicityStudio/v5/developer/sdks/8051/v4.2.1//Device/EFM8BB1/inc) PRINT(.\src\Ini
                    -tDevice.lst) COND PAGEWIDTH(120) PAGELENGTH(65) OBJECT(.\src\InitDevice.OBJ)

line level    source

   1          //=========================================================
   2          // src/InitDevice.c: generated by Hardware Configurator
   3          //
   4          // This file will be regenerated when saving a document.
   5          // leave the sections inside the "$[...]" comment tags alone
   6          // or they will be overwritten!
   7          //=========================================================
   8          
   9          // USER INCLUDES
  10          #include <SI_EFM8BB1_Register_Enums.h>
  11          #include "InitDevice.h"
  12          
  13          // USER PROTOTYPES
  14          // USER FUNCTIONS
  15          
  16          // $[Library Includes]
  17          // [Library Includes]$
  18          
  19          //==============================================================================
  20          // enter_DefaultMode_from_RESET
  21          //==============================================================================
  22          extern void
  23          enter_DefaultMode_from_RESET (void)
  24          {
  25   1        // $[Config Calls]
  26   1        WDT_0_enter_DefaultMode_from_RESET ();
  27   1        PORTS_1_enter_DefaultMode_from_RESET ();
  28   1        PBCFG_0_enter_DefaultMode_from_RESET ();
  29   1        TIMER_SETUP_0_enter_DefaultMode_from_RESET ();
  30   1        // [Config Calls]$
  31   1      
  32   1      }
  33          
  34          extern void
  35          PBCFG_0_enter_DefaultMode_from_RESET (void)
  36          {
  37   1        // $[XBR2 - Port I/O Crossbar 2]
  38   1        /***********************************************************************
  39   1         - Weak Pullups enabled 
  40   1         - Crossbar enabled
  41   1         ***********************************************************************/
  42   1        XBR2 = XBR2_WEAKPUD__PULL_UPS_ENABLED | XBR2_XBARE__ENABLED;
  43   1        // [XBR2 - Port I/O Crossbar 2]$
  44   1      
  45   1        // $[PRTDRV - Port Drive Strength]
  46   1        // [PRTDRV - Port Drive Strength]$
  47   1      
  48   1        // $[XBR0 - Port I/O Crossbar 0]
  49   1        // [XBR0 - Port I/O Crossbar 0]$
  50   1      
  51   1        // $[XBR1 - Port I/O Crossbar 1]
C51 COMPILER V9.60.0.0   INITDEVICE                                                        10/23/2021 09:50:15 PAGE 2   

  52   1        // [XBR1 - Port I/O Crossbar 1]$
  53   1      
  54   1      }
  55          
  56          extern void
  57          WDT_0_enter_DefaultMode_from_RESET (void)
  58          {
  59   1        // $[Watchdog Timer Init Variable Declarations]
  60   1        uint32_t i;
  61   1        bool ea;
  62   1        // [Watchdog Timer Init Variable Declarations]$
  63   1      
  64   1        // $[WDTCN - Watchdog Timer Control]
  65   1        // Deprecated
  66   1        // [WDTCN - Watchdog Timer Control]$
  67   1      
  68   1        // $[WDTCN_2 - Watchdog Timer Control]
  69   1      
  70   1        // Feed WDT timer before disabling (Erratum WDT_E102)
  71   1        WDTCN = 0xA5;
  72   1      
  73   1        // Add 2 LFO cycle delay before disabling WDT (Erratum WDT_E102)
  74   1        for (i = 0; i < (2 * 3062500UL) / (10000 * 3); i++)
  75   1          {
  76   2            NOP ();
  77   2          }
  78   1      
  79   1        // Disable WDT
  80   1        ea = IE_EA;
  81   1        IE_EA = 0;
  82   1        WDTCN = 0xDE;
  83   1        WDTCN = 0xAD;
  84   1        IE_EA = ea;
  85   1      
  86   1        // [WDTCN_2 - Watchdog Timer Control]$
  87   1      
  88   1      }
  89          
  90          extern void
  91          VREF_0_enter_DefaultMode_from_RESET (void)
  92          {
  93   1        // $[REF0CN - Voltage Reference Control]
  94   1        /***********************************************************************
  95   1         - Disable the Temperature Sensor
  96   1         - The ADC0 ground reference is the GND pin
  97   1         - The internal reference operates at 1.65 V nominal
  98   1         - The ADC0 voltage reference is the VDD pin
  99   1         ***********************************************************************/
 100   1        REF0CN = REF0CN_TEMPE__TEMP_DISABLED | REF0CN_GNDSL__GND_PIN
 101   1            | REF0CN_IREFLVL__1P65 | REF0CN_REFSL__VDD_PIN;
 102   1        // [REF0CN - Voltage Reference Control]$
 103   1      
 104   1      }
 105          
 106          extern void
 107          PORTS_1_enter_DefaultMode_from_RESET (void)
 108          {
 109   1      
 110   1        // $[P1 - Port 1 Pin Latch]
 111   1        // [P1 - Port 1 Pin Latch]$
 112   1      
 113   1        // $[P1MDOUT - Port 1 Output Mode]
 114   1        /***********************************************************************
C51 COMPILER V9.60.0.0   INITDEVICE                                                        10/23/2021 09:50:15 PAGE 3   

 115   1         - P1.0 output is open-drain
 116   1         - P1.1 output is open-drain
 117   1         - P1.2 output is open-drain
 118   1         - P1.3 output is open-drain
 119   1         - P1.4 output is push-pull
 120   1         - P1.5 output is open-drain
 121   1         - P1.6 output is open-drain
 122   1         - P1.7 output is open-drain
 123   1         ***********************************************************************/
 124   1        P1MDOUT = P1MDOUT_B0__OPEN_DRAIN | P1MDOUT_B1__OPEN_DRAIN
 125   1            | P1MDOUT_B2__OPEN_DRAIN | P1MDOUT_B3__OPEN_DRAIN | P1MDOUT_B4__PUSH_PULL
 126   1            | P1MDOUT_B5__OPEN_DRAIN | P1MDOUT_B6__OPEN_DRAIN
 127   1            | P1MDOUT_B7__OPEN_DRAIN;
 128   1        // [P1MDOUT - Port 1 Output Mode]$
 129   1      
 130   1        // $[P1MDIN - Port 1 Input Mode]
 131   1        // [P1MDIN - Port 1 Input Mode]$
 132   1      
 133   1        // $[P1SKIP - Port 1 Skip]
 134   1        // [P1SKIP - Port 1 Skip]$
 135   1      
 136   1        // $[P1MASK - Port 1 Mask]
 137   1        // [P1MASK - Port 1 Mask]$
 138   1      
 139   1        // $[P1MAT - Port 1 Match]
 140   1        // [P1MAT - Port 1 Match]$
 141   1      
 142   1      }
 143          
 144          extern void
 145          TIMER_SETUP_0_enter_DefaultMode_from_RESET (void)
 146          {
 147   1        // $[CKCON0 - Clock Control 0]
 148   1        /***********************************************************************
 149   1         - System clock divided by 48
 150   1         - Counter/Timer 0 uses the clock defined by the prescale field, SCA
 151   1         - Timer 2 high byte uses the clock defined by T2XCLK in TMR2CN0
 152   1         - Timer 2 low byte uses the clock defined by T2XCLK in TMR2CN0
 153   1         - Timer 3 high byte uses the clock defined by T3XCLK in TMR3CN0
 154   1         - Timer 3 low byte uses the clock defined by T3XCLK in TMR3CN0
 155   1         - Timer 1 uses the clock defined by the prescale field, SCA
 156   1         ***********************************************************************/
 157   1        CKCON0 = CKCON0_SCA__SYSCLK_DIV_48 | CKCON0_T0M__PRESCALE
 158   1            | CKCON0_T2MH__EXTERNAL_CLOCK | CKCON0_T2ML__EXTERNAL_CLOCK
 159   1            | CKCON0_T3MH__EXTERNAL_CLOCK | CKCON0_T3ML__EXTERNAL_CLOCK
 160   1            | CKCON0_T1M__PRESCALE;
 161   1        // [CKCON0 - Clock Control 0]$
 162   1      
 163   1        // $[TMOD - Timer 0/1 Mode]
 164   1        // [TMOD - Timer 0/1 Mode]$
 165   1      
 166   1        // $[TCON - Timer 0/1 Control]
 167   1        /***********************************************************************
 168   1         - Start Timer 0 running
 169   1         ***********************************************************************/
 170   1        TCON |= TCON_TR0__RUN;
 171   1        // [TCON - Timer 0/1 Control]$
 172   1      
 173   1      }
 174          


MODULE INFORMATION:   STATIC OVERLAYABLE
C51 COMPILER V9.60.0.0   INITDEVICE                                                        10/23/2021 09:50:15 PAGE 4   

   CODE SIZE        =    104    ----
   CONSTANT SIZE    =   ----    ----
   XDATA SIZE       =   ----    ----
   PDATA SIZE       =   ----    ----
   DATA SIZE        =   ----       4
   IDATA SIZE       =   ----    ----
   BIT SIZE         =   ----       1
   EDATA SIZE       =   ----    ----
   HDATA SIZE       =   ----    ----
   XDATA CONST SIZE =   ----    ----
   FAR CONST SIZE   =   ----    ----
END OF MODULE INFORMATION.


C51 COMPILATION COMPLETE.  0 WARNING(S),  0 ERROR(S)
