C51 COMPILER V9.60.0.0   TIMER_01_MAIN                                                     10/22/2021 20:13:54 PAGE 1   


C51 COMPILER V9.60.0.0, COMPILATION OF MODULE TIMER_01_MAIN
OBJECT MODULE PLACED IN .\src\timer-01_main.OBJ
COMPILER INVOKED BY: C:\SiliconLabs\SimplicityStudio\v5\developer\toolchains\keil_8051\9.60\BIN\C51.exe C:\Users\kovac\D
                    -esktop\miclab-zh-1\timer\timer-01\src\timer-01_main.c OMF2 SMALL DEBUG OBJECTEXTEND ROM(LARGE) WARNINGLEVEL(2) FLOATFUZZ
                    -Y(3) OPTIMIZE(8,SPEED) DEFINE(DEBUG=1) INTVECTOR(0X0000) INTPROMOTE INCDIR(C:\Users\kovac\Desktop\miclab-zh-1\timer\time
                    -r-01\inc;C:/SiliconLabs/SimplicityStudio/v5/developer/sdks/8051/v4.2.1//Device/shared/si8051Base;C:/SiliconLabs/Simplici
                    -tyStudio/v5/developer/sdks/8051/v4.2.1//Device/EFM8BB1/inc) PRINT(.\src\timer-01_main.lst) COND PAGEWIDTH(120) PAGELENGT
                    -H(65) OBJECT(.\src\timer-01_main.OBJ)

line level    source

   1          //=========================================================
   2          // src/timer-01_main.c: generated by Hardware Configurator
   3          //
   4          // This file will be updated when saving a document.
   5          // leave the sections inside the "$[...]" comment tags alone
   6          // or they will be overwritten!!
   7          //=========================================================
   8          
   9          //-----------------------------------------------------------------------------
  10          // Includes
  11          //-----------------------------------------------------------------------------
  12          #include <SI_EFM8BB1_Register_Enums.h>                  // SFR declarations
  13          #include "InitDevice.h"
  14          // $[Generated Includes]
  15          // [Generated Includes]$
  16          
  17          //#define ONBOARD_LED P1_B4
  18          
  19          //SI_SBIT (ONBOARD_LED, SFR_P1, 4U);
  20          
  21          #define ZERO 0
  22          
  23          //-----------------------------------------------------------------------------
  24          // SiLabs_Startup() Routine
  25          // ----------------------------------------------------------------------------
  26          // This function is called immediately after reset, before the initialization
  27          // code is run in SILABS_STARTUP.A51 (which runs before main() ). This is a
  28          // useful place to disable the watchdog timer, which is enable by default
  29          // and may trigger before main() in some instances.
  30          //-----------------------------------------------------------------------------
  31          void SiLabs_Startup (void)
  32          {
  33   1        // $[SiLabs Startup]
  34   1        // [SiLabs Startup]$
  35   1      }
  36          
  37          //-----------------------------------------------------------------------------
  38          // main() Routine
  39          // ----------------------------------------------------------------------------
  40          int main (void)
  41          {
  42   1        // Call hardware initialization routine
  43   1        enter_DefaultMode_from_RESET();
  44   1        
  45   1        P1_B4 = ZERO;
  46   1      
  47   1        while (1) 
  48   1        {
  49   2          // $[Generated Run-time code]
  50   2          // [Generated Run-time code]$
  51   2        }                             
C51 COMPILER V9.60.0.0   TIMER_01_MAIN                                                     10/22/2021 20:13:54 PAGE 2   

  52   1      }


MODULE INFORMATION:   STATIC OVERLAYABLE
   CODE SIZE        =      8    ----
   CONSTANT SIZE    =   ----    ----
   XDATA SIZE       =   ----    ----
   PDATA SIZE       =   ----    ----
   DATA SIZE        =   ----    ----
   IDATA SIZE       =   ----    ----
   BIT SIZE         =   ----    ----
   EDATA SIZE       =   ----    ----
   HDATA SIZE       =   ----    ----
   XDATA CONST SIZE =   ----    ----
   FAR CONST SIZE   =   ----    ----
END OF MODULE INFORMATION.


C51 COMPILATION COMPLETE.  0 WARNING(S),  0 ERROR(S)
