C51 COMPILER V9.60.0.0   TIMER_05_MAIN                                                     10/23/2021 14:24:59 PAGE 1   


C51 COMPILER V9.60.0.0, COMPILATION OF MODULE TIMER_05_MAIN
OBJECT MODULE PLACED IN .\src\timer-05_main.OBJ
COMPILER INVOKED BY: C:\SiliconLabs\SimplicityStudio\v5\developer\toolchains\keil_8051\9.60\BIN\C51.exe C:\Users\kovac\D
                    -esktop\miclab-zh-1\efm8-bb1-low-cost-board\timer\timer-05\src\timer-05_main.c OMF2 SMALL DEBUG OBJECTEXTEND ROM(LARGE) W
                    -ARNINGLEVEL(2) FLOATFUZZY(3) OPTIMIZE(8,SPEED) DEFINE(DEBUG=1) INTVECTOR(0X0000) INTPROMOTE INCDIR(C:\Users\kovac\Deskto
                    -p\miclab-zh-1\efm8-bb1-low-cost-board\timer\timer-05\inc;C:/SiliconLabs/SimplicityStudio/v5/developer/sdks/8051/v4.2.1//
                    -Device/shared/si8051Base;C:/SiliconLabs/SimplicityStudio/v5/developer/sdks/8051/v4.2.1//Device/EFM8BB1/inc) PRINT(.\src\
                    -timer-05_main.lst) COND PAGEWIDTH(120) PAGELENGTH(65) OBJECT(.\src\timer-05_main.OBJ)

line level    source

   1          //=========================================================
   2          // src/timer-05_main.c: generated by Hardware Configurator
   3          //
   4          // This file will be updated when saving a document.
   5          // leave the sections inside the "$[...]" comment tags alone
   6          // or they will be overwritten!!
   7          //=========================================================
   8          
   9          //-----------------------------------------------------------------------------
  10          // Includes
  11          //-----------------------------------------------------------------------------
  12          #include <SI_EFM8BB1_Register_Enums.h>                  // SFR declarations
  13          #include "InitDevice.h"
  14          // $[Generated Includes]
  15          // [Generated Includes]$
  16          
  17          //global constants
  18          #define ZERO 0
  19          #define ONE 1
  20          
  21          //pin declaration
  22          #define LED0 P1_B4
  23          
  24          extern uint8_t counter;
  25          
  26          //-----------------------------------------------------------------------------
  27          // SiLabs_Startup() Routine
  28          // ----------------------------------------------------------------------------
  29          // This function is called immediately after reset, before the initialization
  30          // code is run in SILABS_STARTUP.A51 (which runs before main() ). This is a
  31          // useful place to disable the watchdog timer, which is enable by default
  32          // and may trigger before main() in some instances.
  33          //-----------------------------------------------------------------------------
  34          void SiLabs_Startup (void)
  35          {
  36   1        // $[SiLabs Startup]
  37   1        // [SiLabs Startup]$
  38   1      }
  39          
  40          //-----------------------------------------------------------------------------
  41          // main() Routine
  42          // ----------------------------------------------------------------------------
  43          int main (void)
  44          {
  45   1        // Call hardware initialization routine
  46   1        enter_DefaultMode_from_RESET();
  47   1        
  48   1        while (1) 
  49   1        {
  50   2          // $[Generated Run-time code]
  51   2          // [Generated Run-time code]$
C51 COMPILER V9.60.0.0   TIMER_05_MAIN                                                     10/23/2021 14:24:59 PAGE 2   

  52   2      
  53   2      
  54   2            while (counter < 49);
  55   2            counter = ZERO;
  56   2            LED0 = !LED0;
  57   2        }                             
  58   1      }


MODULE INFORMATION:   STATIC OVERLAYABLE
   CODE SIZE        =     22    ----
   CONSTANT SIZE    =   ----    ----
   XDATA SIZE       =   ----    ----
   PDATA SIZE       =   ----    ----
   DATA SIZE        =   ----    ----
   IDATA SIZE       =   ----    ----
   BIT SIZE         =   ----    ----
   EDATA SIZE       =   ----    ----
   HDATA SIZE       =   ----    ----
   XDATA CONST SIZE =   ----    ----
   FAR CONST SIZE   =   ----    ----
END OF MODULE INFORMATION.


C51 COMPILATION COMPLETE.  0 WARNING(S),  0 ERROR(S)
