C51 COMPILER V9.60.0.0   BUTTONLED0_MAIN                                                   10/23/2021 15:12:12 PAGE 1   


C51 COMPILER V9.60.0.0, COMPILATION OF MODULE BUTTONLED0_MAIN
OBJECT MODULE PLACED IN .\src\buttonLed0_main.OBJ
COMPILER INVOKED BY: C:\SiliconLabs\SimplicityStudio\v5\developer\toolchains\keil_8051\9.60\BIN\C51.exe C:\Users\kovac\D
                    -esktop\miclab-zh-1\efm8-bb1-low-cost-board\led-button\buttonLed0\src\buttonLed0_main.c OMF2 SMALL DEBUG OBJECTEXTEND ROM
                    -(LARGE) WARNINGLEVEL(2) FLOATFUZZY(3) OPTIMIZE(8,SPEED) DEFINE(DEBUG=1) INTVECTOR(0X0000) INTPROMOTE INCDIR(C:\Users\kov
                    -ac\Desktop\miclab-zh-1\efm8-bb1-low-cost-board\led-button\buttonLed0\inc;C:/SiliconLabs/SimplicityStudio/v5/developer/sd
                    -ks/8051/v4.2.1//Device/shared/si8051Base;C:/SiliconLabs/SimplicityStudio/v5/developer/sdks/8051/v4.2.1//Device/EFM8BB1/i
                    -nc) PRINT(.\src\buttonLed0_main.lst) COND PAGEWIDTH(120) PAGELENGTH(65) OBJECT(.\src\buttonLed0_main.OBJ)

line level    source

   1          //=========================================================
   2          // src/buttonLed0_main.c: generated by Hardware Configurator
   3          //
   4          // This file will be updated when saving a document.
   5          // leave the sections inside the "$[...]" comment tags alone
   6          // or they will be overwritten!!
   7          //=========================================================
   8          
   9          //-----------------------------------------------------------------------------
  10          // Includes
  11          //-----------------------------------------------------------------------------
  12          #include <SI_EFM8BB1_Register_Enums.h>                  // SFR declarations
  13          #include "InitDevice.h"
  14          // $[Generated Includes]
  15          // [Generated Includes]$
  16          
  17          //global constants
  18          #define ZERO 0
  19          #define ONE 1
  20          
  21          //pin declaration
  22          #define LED0 P1_B4
  23          #define BTN0 P0_B2
  24          
  25          //-----------------------------------------------------------------------------
  26          // SiLabs_Startup() Routine
  27          // ----------------------------------------------------------------------------
  28          // This function is called immediately after reset, before the initialization
  29          // code is run in SILABS_STARTUP.A51 (which runs before main() ). This is a
  30          // useful place to disable the watchdog timer, which is enable by default
  31          // and may trigger before main() in some instances.
  32          //-----------------------------------------------------------------------------
  33          void SiLabs_Startup (void)
  34          {
  35   1        // $[SiLabs Startup]
  36   1        // [SiLabs Startup]$
  37   1      }
  38          
  39          //-----------------------------------------------------------------------------
  40          // main() Routine
  41          // ----------------------------------------------------------------------------
  42          int main (void)
  43          {
  44   1        // Call hardware initialization routine
  45   1        enter_DefaultMode_from_RESET();
  46   1        
  47   1        while (1) 
  48   1        {
  49   2          // $[Generated Run-time code]
  50   2          // [Generated Run-time code]$
  51   2      
C51 COMPILER V9.60.0.0   BUTTONLED0_MAIN                                                   10/23/2021 15:12:12 PAGE 2   

  52   2            if (BTN0 == ZERO)
  53   2            {
  54   3                LED0 = ZERO;
  55   3            } else
  56   2            {
  57   3                LED0 = ONE;
  58   3            }
  59   2      
  60   2      
  61   2      
  62   2        }                             
  63   1      }


MODULE INFORMATION:   STATIC OVERLAYABLE
   CODE SIZE        =     15    ----
   CONSTANT SIZE    =   ----    ----
   XDATA SIZE       =   ----    ----
   PDATA SIZE       =   ----    ----
   DATA SIZE        =   ----    ----
   IDATA SIZE       =   ----    ----
   BIT SIZE         =   ----    ----
   EDATA SIZE       =   ----    ----
   HDATA SIZE       =   ----    ----
   XDATA CONST SIZE =   ----    ----
   FAR CONST SIZE   =   ----    ----
END OF MODULE INFORMATION.


C51 COMPILATION COMPLETE.  0 WARNING(S),  0 ERROR(S)
