C51 COMPILER V9.60.0.0   INITDEVICE                                                        10/23/2021 15:01:46 PAGE 1   


C51 COMPILER V9.60.0.0, COMPILATION OF MODULE INITDEVICE
OBJECT MODULE PLACED IN .\src\InitDevice.OBJ
COMPILER INVOKED BY: C:\SiliconLabs\SimplicityStudio\v5\developer\toolchains\keil_8051\9.60\BIN\C51.exe C:\Users\kovac\D
                    -esktop\miclab-zh-1\efm8-bb1-low-cost-board\led-button\buttonLed0\src\InitDevice.c OMF2 SMALL DEBUG OBJECTEXTEND ROM(LARG
                    -E) WARNINGLEVEL(2) FLOATFUZZY(3) OPTIMIZE(8,SPEED) DEFINE(DEBUG=1) INTVECTOR(0X0000) INTPROMOTE INCDIR(C:\Users\kovac\De
                    -sktop\miclab-zh-1\efm8-bb1-low-cost-board\led-button\buttonLed0\inc;C:/SiliconLabs/SimplicityStudio/v5/developer/sdks/80
                    -51/v4.2.1//Device/shared/si8051Base;C:/SiliconLabs/SimplicityStudio/v5/developer/sdks/8051/v4.2.1//Device/EFM8BB1/inc) P
                    -RINT(.\src\InitDevice.lst) COND PAGEWIDTH(120) PAGELENGTH(65) OBJECT(.\src\InitDevice.OBJ)

line level    source

   1          //=========================================================
   2          // src/InitDevice.c: generated by Hardware Configurator
   3          //
   4          // This file will be regenerated when saving a document.
   5          // leave the sections inside the "$[...]" comment tags alone
   6          // or they will be overwritten!
   7          //=========================================================
   8          
   9          // USER INCLUDES
  10          #include <SI_EFM8BB1_Register_Enums.h>
  11          #include "InitDevice.h"
  12          
  13          // USER PROTOTYPES
  14          // USER FUNCTIONS
  15          
  16          // $[Library Includes]
  17          // [Library Includes]$
  18          
  19          //==============================================================================
  20          // enter_DefaultMode_from_RESET
  21          //==============================================================================
  22          extern void
  23          enter_DefaultMode_from_RESET (void)
  24          {
  25   1        // $[Config Calls]
  26   1        WDT_0_enter_DefaultMode_from_RESET ();
  27   1        PORTS_1_enter_DefaultMode_from_RESET ();
  28   1        PBCFG_0_enter_DefaultMode_from_RESET ();
  29   1        // [Config Calls]$
  30   1      
  31   1      }
  32          
  33          extern void
  34          WDT_0_enter_DefaultMode_from_RESET (void)
  35          {
  36   1        // $[Watchdog Timer Init Variable Declarations]
  37   1        uint32_t i;
  38   1        bool ea;
  39   1        // [Watchdog Timer Init Variable Declarations]$
  40   1      
  41   1        // $[WDTCN - Watchdog Timer Control]
  42   1        // Deprecated
  43   1        // [WDTCN - Watchdog Timer Control]$
  44   1      
  45   1        // $[WDTCN_2 - Watchdog Timer Control]
  46   1      
  47   1        // Feed WDT timer before disabling (Erratum WDT_E102)
  48   1        WDTCN = 0xA5;
  49   1      
  50   1        // Add 2 LFO cycle delay before disabling WDT (Erratum WDT_E102)
  51   1        for (i = 0; i < (2 * 3062500UL) / (10000 * 3); i++)
C51 COMPILER V9.60.0.0   INITDEVICE                                                        10/23/2021 15:01:46 PAGE 2   

  52   1          {
  53   2            NOP ();
  54   2          }
  55   1      
  56   1        // Disable WDT
  57   1        ea = IE_EA;
  58   1        IE_EA = 0;
  59   1        WDTCN = 0xDE;
  60   1        WDTCN = 0xAD;
  61   1        IE_EA = ea;
  62   1      
  63   1        // [WDTCN_2 - Watchdog Timer Control]$
  64   1      
  65   1      }
  66          
  67          extern void
  68          PBCFG_0_enter_DefaultMode_from_RESET (void)
  69          {
  70   1        // $[XBR2 - Port I/O Crossbar 2]
  71   1        /***********************************************************************
  72   1         - Weak Pullups enabled 
  73   1         - Crossbar enabled
  74   1         ***********************************************************************/
  75   1        XBR2 = XBR2_WEAKPUD__PULL_UPS_ENABLED | XBR2_XBARE__ENABLED;
  76   1        // [XBR2 - Port I/O Crossbar 2]$
  77   1      
  78   1        // $[PRTDRV - Port Drive Strength]
  79   1        // [PRTDRV - Port Drive Strength]$
  80   1      
  81   1        // $[XBR0 - Port I/O Crossbar 0]
  82   1        // [XBR0 - Port I/O Crossbar 0]$
  83   1      
  84   1        // $[XBR1 - Port I/O Crossbar 1]
  85   1        // [XBR1 - Port I/O Crossbar 1]$
  86   1      
  87   1      }
  88          
  89          extern void
  90          PORTS_1_enter_DefaultMode_from_RESET (void)
  91          {
  92   1        // $[P1 - Port 1 Pin Latch]
  93   1        // [P1 - Port 1 Pin Latch]$
  94   1      
  95   1        // $[P1MDOUT - Port 1 Output Mode]
  96   1        /***********************************************************************
  97   1         - P1.0 output is open-drain
  98   1         - P1.1 output is open-drain
  99   1         - P1.2 output is open-drain
 100   1         - P1.3 output is open-drain
 101   1         - P1.4 output is push-pull
 102   1         - P1.5 output is open-drain
 103   1         - P1.6 output is open-drain
 104   1         - P1.7 output is open-drain
 105   1         ***********************************************************************/
 106   1        P1MDOUT = P1MDOUT_B0__OPEN_DRAIN | P1MDOUT_B1__OPEN_DRAIN
 107   1            | P1MDOUT_B2__OPEN_DRAIN | P1MDOUT_B3__OPEN_DRAIN | P1MDOUT_B4__PUSH_PULL
 108   1            | P1MDOUT_B5__OPEN_DRAIN | P1MDOUT_B6__OPEN_DRAIN
 109   1            | P1MDOUT_B7__OPEN_DRAIN;
 110   1        // [P1MDOUT - Port 1 Output Mode]$
 111   1      
 112   1        // $[P1MDIN - Port 1 Input Mode]
 113   1        // [P1MDIN - Port 1 Input Mode]$
 114   1      
C51 COMPILER V9.60.0.0   INITDEVICE                                                        10/23/2021 15:01:46 PAGE 3   

 115   1        // $[P1SKIP - Port 1 Skip]
 116   1        // [P1SKIP - Port 1 Skip]$
 117   1      
 118   1        // $[P1MASK - Port 1 Mask]
 119   1        // [P1MASK - Port 1 Mask]$
 120   1      
 121   1        // $[P1MAT - Port 1 Match]
 122   1        // [P1MAT - Port 1 Match]$
 123   1      
 124   1      }
 125          


MODULE INFORMATION:   STATIC OVERLAYABLE
   CODE SIZE        =     90    ----
   CONSTANT SIZE    =   ----    ----
   XDATA SIZE       =   ----    ----
   PDATA SIZE       =   ----    ----
   DATA SIZE        =   ----       4
   IDATA SIZE       =   ----    ----
   BIT SIZE         =   ----       1
   EDATA SIZE       =   ----    ----
   HDATA SIZE       =   ----    ----
   XDATA CONST SIZE =   ----    ----
   FAR CONST SIZE   =   ----    ----
END OF MODULE INFORMATION.


C51 COMPILATION COMPLETE.  0 WARNING(S),  0 ERROR(S)
