C51 COMPILER V9.60.0.0   INTERRUPTS                                                        10/24/2021 15:47:34 PAGE 1   


C51 COMPILER V9.60.0.0, COMPILATION OF MODULE INTERRUPTS
OBJECT MODULE PLACED IN .\src\Interrupts.OBJ
COMPILER INVOKED BY: C:\SiliconLabs\SimplicityStudio\v5\developer\toolchains\keil_8051\9.60\BIN\C51.exe C:\Users\kovac\D
                    -esktop\miclab-zh-1\efm8-bb1-low-cost-board\led-button\ledbutton4\src\Interrupts.c OMF2 SMALL DEBUG OBJECTEXTEND ROM(LARG
                    -E) WARNINGLEVEL(2) FLOATFUZZY(3) OPTIMIZE(8,SPEED) DEFINE(DEBUG=1) INTVECTOR(0X0000) INTPROMOTE INCDIR(C:\Users\kovac\De
                    -sktop\miclab-zh-1\efm8-bb1-low-cost-board\led-button\ledbutton4\inc;C:/SiliconLabs/SimplicityStudio/v5/developer/sdks/80
                    -51/v4.2.1//Device/shared/si8051Base;C:/SiliconLabs/SimplicityStudio/v5/developer/sdks/8051/v4.2.1//Device/EFM8BB1/inc) P
                    -RINT(.\src\Interrupts.lst) COND PAGEWIDTH(120) PAGELENGTH(65) OBJECT(.\src\Interrupts.OBJ)

line level    source

   1          //=========================================================
   2          // src/Interrupts.c: generated by Hardware Configurator
   3          //
   4          // This file will be regenerated when saving a document.
   5          // leave the sections inside the "$[...]" comment tags alone
   6          // or they will be overwritten!
   7          //=========================================================
   8          
   9          // USER INCLUDES
  10          #include <SI_EFM8BB1_Register_Enums.h>
  11          
  12          // global constants
  13          #define ZERO 0
  14          #define ONE 1
  15          
  16          //pin declaration
  17          #define LED0 P1_B4
  18          
  19          //-----------------------------------------------------------------------------
  20          // TIMER2_ISR
  21          //-----------------------------------------------------------------------------
  22          //
  23          // TIMER2 ISR Content goes here. Remember to clear flag bits:
  24          // TMR2CN0::TF2H (Timer # High Byte Overflow Flag)
  25          // TMR2CN0::TF2L (Timer # Low Byte Overflow Flag)
  26          //
  27          //-----------------------------------------------------------------------------
  28          SI_INTERRUPT (TIMER2_ISR, TIMER2_IRQn)
  29            {
  30   1          TMR2CN0_TF2H = ZERO;
  31   1          LED0 = !LED0;
  32   1        }
  33          


MODULE INFORMATION:   STATIC OVERLAYABLE
   CODE SIZE        =      8    ----
   CONSTANT SIZE    =   ----    ----
   XDATA SIZE       =   ----    ----
   PDATA SIZE       =   ----    ----
   DATA SIZE        =   ----    ----
   IDATA SIZE       =   ----    ----
   BIT SIZE         =   ----    ----
   EDATA SIZE       =   ----    ----
   HDATA SIZE       =   ----    ----
   XDATA CONST SIZE =   ----    ----
   FAR CONST SIZE   =   ----    ----
END OF MODULE INFORMATION.


C51 COMPILATION COMPLETE.  0 WARNING(S),  0 ERROR(S)
