C51 COMPILER V9.60.0.0   LEDBUTTON4_MAIN                                                   10/24/2021 15:47:35 PAGE 1   


C51 COMPILER V9.60.0.0, COMPILATION OF MODULE LEDBUTTON4_MAIN
OBJECT MODULE PLACED IN .\src\ledbutton4_main.OBJ
COMPILER INVOKED BY: C:\SiliconLabs\SimplicityStudio\v5\developer\toolchains\keil_8051\9.60\BIN\C51.exe C:\Users\kovac\D
                    -esktop\miclab-zh-1\efm8-bb1-low-cost-board\led-button\ledbutton4\src\ledbutton4_main.c OMF2 SMALL DEBUG OBJECTEXTEND ROM
                    -(LARGE) WARNINGLEVEL(2) FLOATFUZZY(3) OPTIMIZE(8,SPEED) DEFINE(DEBUG=1) INTVECTOR(0X0000) INTPROMOTE INCDIR(C:\Users\kov
                    -ac\Desktop\miclab-zh-1\efm8-bb1-low-cost-board\led-button\ledbutton4\inc;C:/SiliconLabs/SimplicityStudio/v5/developer/sd
                    -ks/8051/v4.2.1//Device/shared/si8051Base;C:/SiliconLabs/SimplicityStudio/v5/developer/sdks/8051/v4.2.1//Device/EFM8BB1/i
                    -nc) PRINT(.\src\ledbutton4_main.lst) COND PAGEWIDTH(120) PAGELENGTH(65) OBJECT(.\src\ledbutton4_main.OBJ)

line level    source

   1          //=========================================================
   2          // src/ledbutton4_main.c: generated by Hardware Configurator
   3          //
   4          // This file will be updated when saving a document.
   5          // leave the sections inside the "$[...]" comment tags alone
   6          // or they will be overwritten!!
   7          //=========================================================
   8          
   9          //-----------------------------------------------------------------------------
  10          // Includes
  11          //-----------------------------------------------------------------------------
  12          #include <SI_EFM8BB1_Register_Enums.h>                  // SFR declarations
  13          #include "InitDevice.h"
  14          // $[Generated Includes]
  15          // [Generated Includes]$
  16          
  17          // global constants
  18          #define ZERO 0
  19          #define ONE 1
  20          
  21          // pin declaration
  22          #define LED0 P1_B4
  23          #define BTN0 P0_B2
  24          
  25          
  26          //-----------------------------------------------------------------------------
  27          // SiLabs_Startup() Routine
  28          // ----------------------------------------------------------------------------
  29          // This function is called immediately after reset, before the initialization
  30          // code is run in SILABS_STARTUP.A51 (which runs before main() ). This is a
  31          // useful place to disable the watchdog timer, which is enable by default
  32          // and may trigger before main() in some instances.
  33          //-----------------------------------------------------------------------------
  34          void SiLabs_Startup (void)
  35          {
  36   1        // $[SiLabs Startup]
  37   1        // [SiLabs Startup]$
  38   1      }
  39          
  40          //-----------------------------------------------------------------------------
  41          // main() Routine
  42          // ----------------------------------------------------------------------------
  43          int main (void)
  44          {
  45   1        // Call hardware initialization routine
  46   1        enter_DefaultMode_from_RESET();
  47   1        
  48   1        while (1) 
  49   1        {
  50   2          // $[Generated Run-time code]
  51   2          // [Generated Run-time code]$
C51 COMPILER V9.60.0.0   LEDBUTTON4_MAIN                                                   10/24/2021 15:47:35 PAGE 2   

  52   2            if (BTN0 == ZERO) {
  53   3                TMR2CN0_TR2 = ZERO;
  54   3                LED0 = ONE;
  55   3            }else {
  56   3                TMR2CN0_TR2 = ONE;
  57   3            }
  58   2      
  59   2        }                             
  60   1      }


MODULE INFORMATION:   STATIC OVERLAYABLE
   CODE SIZE        =     17    ----
   CONSTANT SIZE    =   ----    ----
   XDATA SIZE       =   ----    ----
   PDATA SIZE       =   ----    ----
   DATA SIZE        =   ----    ----
   IDATA SIZE       =   ----    ----
   BIT SIZE         =   ----    ----
   EDATA SIZE       =   ----    ----
   HDATA SIZE       =   ----    ----
   XDATA CONST SIZE =   ----    ----
   FAR CONST SIZE   =   ----    ----
END OF MODULE INFORMATION.


C51 COMPILATION COMPLETE.  0 WARNING(S),  0 ERROR(S)
