C51 COMPILER V9.60.0.0   TIMER_04_MAIN                                                     10/23/2021 11:38:03 PAGE 1   


C51 COMPILER V9.60.0.0, COMPILATION OF MODULE TIMER_04_MAIN
OBJECT MODULE PLACED IN .\src\timer-04_main.OBJ
COMPILER INVOKED BY: C:\SiliconLabs\SimplicityStudio\v5\developer\toolchains\keil_8051\9.60\BIN\C51.exe C:\Users\kovac\D
                    -esktop\miclab-zh-1\efm8-bb1-low-cost-board\timer\timer-04\src\timer-04_main.c OMF2 SMALL DEBUG OBJECTEXTEND ROM(LARGE) W
                    -ARNINGLEVEL(2) FLOATFUZZY(3) OPTIMIZE(8,SPEED) DEFINE(DEBUG=1) INTVECTOR(0X0000) INTPROMOTE INCDIR(C:\Users\kovac\Deskto
                    -p\miclab-zh-1\efm8-bb1-low-cost-board\timer\timer-04\inc;C:/SiliconLabs/SimplicityStudio/v5/developer/sdks/8051/v4.2.1//
                    -Device/shared/si8051Base;C:/SiliconLabs/SimplicityStudio/v5/developer/sdks/8051/v4.2.1//Device/EFM8BB1/inc) PRINT(.\src\
                    -timer-04_main.lst) COND PAGEWIDTH(120) PAGELENGTH(65) OBJECT(.\src\timer-04_main.OBJ)

line level    source

   1          //=========================================================
   2          // src/timer-04_main.c: generated by Hardware Configurator
   3          //
   4          // This file will be updated when saving a document.
   5          // leave the sections inside the "$[...]" comment tags alone
   6          // or they will be overwritten!!
   7          //=========================================================
   8          
   9          //-----------------------------------------------------------------------------
  10          // Includes
  11          //-----------------------------------------------------------------------------
  12          #include <SI_EFM8BB1_Register_Enums.h>                  // SFR declarations
  13          #include "InitDevice.h"
  14          // $[Generated Includes]
  15          // [Generated Includes]$
  16          
  17          //global constants
  18          #define ZERO 0
  19          #define ONE 1
  20          
  21          // pin declaration
  22          #define LED0 P1_B4
  23          
  24          volatile uint8_t counter;
  25          volatile uint8_t iterator;
  26          volatile uint8_t max;
  27          
  28          void Delay() {
  29   1        max = 50;
  30   1        for (iterator = 0; iterator < max; ++iterator) {
  31   2          while (!TCON_TF0);
  32   2          TCON_TF0 = ZERO;
  33   2        }
  34   1      }
  35          
  36          //-----------------------------------------------------------------------------
  37          // SiLabs_Startup() Routine
  38          // ----------------------------------------------------------------------------
  39          // This function is called immediately after reset, before the initialization
  40          // code is run in SILABS_STARTUP.A51 (which runs before main() ). This is a
  41          // useful place to disable the watchdog timer, which is enable by default
  42          // and may trigger before main() in some instances.
  43          //-----------------------------------------------------------------------------
  44          void SiLabs_Startup (void)
  45          {
  46   1        // $[SiLabs Startup]
  47   1        // [SiLabs Startup]$
  48   1      }
  49          
  50          //-----------------------------------------------------------------------------
  51          // main() Routine
C51 COMPILER V9.60.0.0   TIMER_04_MAIN                                                     10/23/2021 11:38:03 PAGE 2   

  52          // ----------------------------------------------------------------------------
  53          int main (void)
  54          {
  55   1        // Call hardware initialization routine
  56   1        enter_DefaultMode_from_RESET();
  57   1        
  58   1        while (1) 
  59   1        {
  60   2          // $[Generated Run-time code]
  61   2          // [Generated Run-time code]$
  62   2      
  63   2            Delay();
  64   2            LED0 = !LED0;
  65   2        }                             
  66   1      }


MODULE INFORMATION:   STATIC OVERLAYABLE
   CODE SIZE        =     34    ----
   CONSTANT SIZE    =   ----    ----
   XDATA SIZE       =   ----    ----
   PDATA SIZE       =   ----    ----
   DATA SIZE        =      3    ----
   IDATA SIZE       =   ----    ----
   BIT SIZE         =   ----    ----
   EDATA SIZE       =   ----    ----
   HDATA SIZE       =   ----    ----
   XDATA CONST SIZE =   ----    ----
   FAR CONST SIZE   =   ----    ----
END OF MODULE INFORMATION.


C51 COMPILATION COMPLETE.  0 WARNING(S),  0 ERROR(S)
