C51 COMPILER V9.60.0.0   INTERRUPTS                                                        10/23/2021 17:37:58 PAGE 1   


C51 COMPILER V9.60.0.0, COMPILATION OF MODULE INTERRUPTS
OBJECT MODULE PLACED IN .\src\Interrupts.OBJ
COMPILER INVOKED BY: C:\SiliconLabs\SimplicityStudio\v5\developer\toolchains\keil_8051\9.60\BIN\C51.exe C:\Users\kovac\D
                    -esktop\miclab-zh-1\efm8-bb1-low-cost-board\led-button\ledButton1\src\Interrupts.c OMF2 SMALL DEBUG OBJECTEXTEND ROM(LARG
                    -E) WARNINGLEVEL(2) FLOATFUZZY(3) OPTIMIZE(8,SPEED) DEFINE(DEBUG=1) INTVECTOR(0X0000) INTPROMOTE INCDIR(C:\Users\kovac\De
                    -sktop\miclab-zh-1\efm8-bb1-low-cost-board\led-button\ledButton1\inc;C:/SiliconLabs/SimplicityStudio/v5/developer/sdks/80
                    -51/v4.2.1//Device/shared/si8051Base;C:/SiliconLabs/SimplicityStudio/v5/developer/sdks/8051/v4.2.1//Device/EFM8BB1/inc) P
                    -RINT(.\src\Interrupts.lst) COND PAGEWIDTH(120) PAGELENGTH(65) OBJECT(.\src\Interrupts.OBJ)

line level    source

   1          //=========================================================
   2          // src/Interrupts.c: generated by Hardware Configurator
   3          //
   4          // This file will be regenerated when saving a document.
   5          // leave the sections inside the "$[...]" comment tags alone
   6          // or they will be overwritten!
   7          //=========================================================
   8          
   9          // USER INCLUDES
  10          #include <SI_EFM8BB1_Register_Enums.h>
  11          
  12          //global constant
  13          #define ZERO 0
  14          
  15          volatile uint8_t counter10ms = ZERO;
  16          
  17          //-----------------------------------------------------------------------------
  18          // TIMER2_ISR
  19          //-----------------------------------------------------------------------------
  20          //
  21          // TIMER2 ISR Content goes here. Remember to clear flag bits:
  22          // TMR2CN0::TF2H (Timer # High Byte Overflow Flag)
  23          // TMR2CN0::TF2L (Timer # Low Byte Overflow Flag)
  24          //
  25          //-----------------------------------------------------------------------------
  26          SI_INTERRUPT (TIMER2_ISR, TIMER2_IRQn)
  27            {
  28   1          counter10ms++;
  29   1          TMR2CN0_TF2H = ZERO;
  30   1        }
  31          


MODULE INFORMATION:   STATIC OVERLAYABLE
   CODE SIZE        =      8    ----
   CONSTANT SIZE    =   ----    ----
   XDATA SIZE       =   ----    ----
   PDATA SIZE       =   ----    ----
   DATA SIZE        =      1    ----
   IDATA SIZE       =   ----    ----
   BIT SIZE         =   ----    ----
   EDATA SIZE       =   ----    ----
   HDATA SIZE       =   ----    ----
   XDATA CONST SIZE =   ----    ----
   FAR CONST SIZE   =   ----    ----
END OF MODULE INFORMATION.


C51 COMPILATION COMPLETE.  0 WARNING(S),  0 ERROR(S)
