C51 COMPILER V9.60.0.0   LEDBUTTON1_MAIN                                                   10/23/2021 17:48:31 PAGE 1   


C51 COMPILER V9.60.0.0, COMPILATION OF MODULE LEDBUTTON1_MAIN
OBJECT MODULE PLACED IN .\src\ledButton1_main.OBJ
COMPILER INVOKED BY: C:\SiliconLabs\SimplicityStudio\v5\developer\toolchains\keil_8051\9.60\BIN\C51.exe C:\Users\kovac\D
                    -esktop\miclab-zh-1\efm8-bb1-low-cost-board\led-button\ledButton1\src\ledButton1_main.c OMF2 SMALL DEBUG OBJECTEXTEND ROM
                    -(LARGE) WARNINGLEVEL(2) FLOATFUZZY(3) OPTIMIZE(8,SPEED) DEFINE(DEBUG=1) INTVECTOR(0X0000) INTPROMOTE INCDIR(C:\Users\kov
                    -ac\Desktop\miclab-zh-1\efm8-bb1-low-cost-board\led-button\ledButton1\inc;C:/SiliconLabs/SimplicityStudio/v5/developer/sd
                    -ks/8051/v4.2.1//Device/shared/si8051Base;C:/SiliconLabs/SimplicityStudio/v5/developer/sdks/8051/v4.2.1//Device/EFM8BB1/i
                    -nc) PRINT(.\src\ledButton1_main.lst) COND PAGEWIDTH(120) PAGELENGTH(65) OBJECT(.\src\ledButton1_main.OBJ)

line level    source

   1          //=========================================================
   2          // src/ledButton1_main.c: generated by Hardware Configurator
   3          //
   4          // This file will be updated when saving a document.
   5          // leave the sections inside the "$[...]" comment tags alone
   6          // or they will be overwritten!!
   7          //=========================================================
   8          
   9          //-----------------------------------------------------------------------------
  10          // Includes
  11          //-----------------------------------------------------------------------------
  12          #include <SI_EFM8BB1_Register_Enums.h>                  // SFR declarations
  13          #include "InitDevice.h"
  14          // $[Generated Includes]
  15          // [Generated Includes]$
  16          
  17          //global constants
  18          #define ZERO 0
  19          #define ONE 1
  20          
  21          // pin declaration
  22          #define LED0 P1_B4
  23          #define BTN0 P0_B2
  24          
  25          //extern variable
  26          extern volatile uint8_t counter10ms;
  27          
  28          //-----------------------------------------------------------------------------
  29          // SiLabs_Startup() Routine
  30          // ----------------------------------------------------------------------------
  31          // This function is called immediately after reset, before the initialization
  32          // code is run in SILABS_STARTUP.A51 (which runs before main() ). This is a
  33          // useful place to disable the watchdog timer, which is enable by default
  34          // and may trigger before main() in some instances.
  35          //-----------------------------------------------------------------------------
  36          void SiLabs_Startup (void)
  37          {
  38   1        // $[SiLabs Startup]
  39   1        // [SiLabs Startup]$
  40   1      }
  41          
  42          //-----------------------------------------------------------------------------
  43          // main() Routine
  44          // ----------------------------------------------------------------------------
  45          int main (void)
  46          {
  47   1        // Call hardware initialization routine
  48   1        enter_DefaultMode_from_RESET();
  49   1        
  50   1        while (1) 
  51   1        {
C51 COMPILER V9.60.0.0   LEDBUTTON1_MAIN                                                   10/23/2021 17:48:31 PAGE 2   

  52   2          // $[Generated Run-time code]
  53   2          // [Generated Run-time code]$
  54   2      
  55   2            if (BTN0 == ZERO)
  56   2            {
  57   3                counter10ms = ZERO;
  58   3                while (counter10ms <= 5);
  59   3      
  60   3                LED0 = !LED0;
  61   3                while (BTN0 == ZERO);
  62   3      
  63   3                counter10ms = ZERO;
  64   3                while (counter10ms <= 5);
  65   3            }
  66   2      
  67   2      
  68   2        }                             
  69   1      }


MODULE INFORMATION:   STATIC OVERLAYABLE
   CODE SIZE        =     44    ----
   CONSTANT SIZE    =   ----    ----
   XDATA SIZE       =   ----    ----
   PDATA SIZE       =   ----    ----
   DATA SIZE        =   ----    ----
   IDATA SIZE       =   ----    ----
   BIT SIZE         =   ----    ----
   EDATA SIZE       =   ----    ----
   HDATA SIZE       =   ----    ----
   XDATA CONST SIZE =   ----    ----
   FAR CONST SIZE   =   ----    ----
END OF MODULE INFORMATION.


C51 COMPILATION COMPLETE.  0 WARNING(S),  0 ERROR(S)
